Arguments: 
  C:\Program Files\nodejs\node.exe C:\Users\mi\AppData\Roaming\npm\node_modules\yarn\bin\yarn.js add @vue/standard -D

PATH: 
  C:\Program Files\Common Files\Oracle\Java\javapath;C:\Program Files (x86)\Intel\Intel(R) Management Engine Components\iCLS\;C:\Program Files\Intel\Intel(R) Management Engine Components\iCLS\;C:\Windows\system32;C:\Windows;C:\Windows\System32\Wbem;C:\Windows\System32\WindowsPowerShell\v1.0\;C:\Windows\System32\OpenSSH\;C:\Program Files (x86)\Intel\Intel(R) Management Engine Components\DAL;C:\Program Files\Intel\Intel(R) Management Engine Components\DAL;C:\Program Files (x86)\Intel\Intel(R) Management Engine Components\IPT;C:\Program Files\Intel\Intel(R) Management Engine Components\IPT;C:\Program Files (x86)\NVIDIA Corporation\PhysX\Common;C:\Program Files\NVIDIA Corporation\NVIDIA NvDLISR;C:\Program Files\Intel\WiFi\bin\;C:\Program Files\Common Files\Intel\WirelessCommon\;C:\Program Files\Git\cmd;C:\WINDOWS\system32;C:\WINDOWS;C:\WINDOWS\System32\Wbem;C:\WINDOWS\System32\WindowsPowerShell\v1.0\;C:\WINDOWS\System32\OpenSSH\;C:\Program Files\MongoDB\Server\4.4\bin;;C:\Program Files\Microsoft VS Code\bin;C:\Program Files\nodejs\;C:\Users\mi\AppData\Local\Microsoft\WindowsApps;C:\Users\mi\AppData\Local\Programs\Microsoft VS Code\bin;;C:\Program Files\JetBrains\IntelliJ IDEA 2020.1\bin;;C:\Users\mi\AppData\Roaming\npm

Yarn version: 
  1.22.18

Node version: 
  16.14.2

Platform: 
  win32 x64

Trace: 
  Error: https://registry.npmjs.org/@vue%2fstandard: Not found
      at Request.params.callback [as _callback] (C:\Users\mi\AppData\Roaming\npm\node_modules\yarn\lib\cli.js:66138:18)
      at Request.self.callback (C:\Users\mi\AppData\Roaming\npm\node_modules\yarn\lib\cli.js:140883:22)
      at Request.emit (node:events:526:28)
      at Request.<anonymous> (C:\Users\mi\AppData\Roaming\npm\node_modules\yarn\lib\cli.js:141855:10)
      at Request.emit (node:events:526:28)
      at IncomingMessage.<anonymous> (C:\Users\mi\AppData\Roaming\npm\node_modules\yarn\lib\cli.js:141777:12)
      at Object.onceWrapper (node:events:645:28)
      at IncomingMessage.emit (node:events:538:35)
      at endReadableNT (node:internal/streams/readable:1345:12)
      at processTicksAndRejections (node:internal/process/task_queues:83:21)

npm manifest: 
  {
    "name": "vite-project",
    "version": "0.0.0",
    "scripts": {
      "dev": "vite",
      "build": "vite build",
      "preview": "vite preview"
    },
    "dependencies": {
      "@iconify/json": "^1.1.459",
      "eslint-plugin-prettier": "^4.0.0",
      "less": "^4.1.2",
      "less-loader": "^10.2.0",
      "prettier": "^2.6.2",
      "unocss": "^0.22.5",
      "vue": "^3.2.25",
      "vue-router": "^4.0.13"
    },
    "devDependencies": {
      "@typescript-eslint/eslint-plugin": "^5.17.0",
      "@typescript-eslint/parser": "^5.17.0",
      "@vitejs/plugin-vue": "^2.0.0",
      "eslint": "^8.12.0",
      "eslint-plugin-vue": "^8.5.0",
      "vite": "^2.7.2"
    }
  }

yarn manifest: 
  No manifest

Lockfile: 
  # THIS IS AN AUTOGENERATED FILE. DO NOT EDIT THIS FILE DIRECTLY.
  # yarn lockfile v1
  
  
  "@antfu/install-pkg@^0.1.0":
    "integrity" "sha1-jYxhggy8MuXDfYLVFUha0+6b0FI="
    "resolved" "https://registry.npmmirror.com/@antfu/install-pkg/download/@antfu/install-pkg-0.1.0.tgz"
    "version" "0.1.0"
    dependencies:
      "execa" "^5.1.1"
      "find-up" "^5.0.0"
  
  "@antfu/utils@^0.3.0":
    "integrity" "sha1-YwbEO1Kog72Olz4+2N1kJIQYvMQ="
    "resolved" "https://registry.npmmirror.com/@antfu/utils/download/@antfu/utils-0.3.0.tgz"
    "version" "0.3.0"
    dependencies:
      "@types/throttle-debounce" "^2.1.0"
  
  "@babel/parser@^7.16.4":
    "integrity" "sha512-VfaV15po8RiZssrkPweyvbGVSe4x2y+aciFCgn0n0/SJMR22cwofRV1mtnJQYcSB1wUTaA/X1LnA3es66MCO5A=="
    "resolved" "https://registry.npmmirror.com/@babel/parser/download/@babel/parser-7.16.12.tgz"
    "version" "7.16.12"
  
  "@eslint/eslintrc@^1.2.1":
    "integrity" "sha512-bxvbYnBPN1Gibwyp6NrpnFzA3YtRL3BBAyEAFVIpNTm2Rn4Vy87GA5M4aSn3InRrlsbX5N0GW7XIx+U4SAEKdQ=="
    "resolved" "https://registry.npmjs.org/@eslint/eslintrc/-/eslintrc-1.2.1.tgz"
    "version" "1.2.1"
    dependencies:
      "ajv" "^6.12.4"
      "debug" "^4.3.2"
      "espree" "^9.3.1"
      "globals" "^13.9.0"
      "ignore" "^5.2.0"
      "import-fresh" "^3.2.1"
      "js-yaml" "^4.1.0"
      "minimatch" "^3.0.4"
      "strip-json-comments" "^3.1.1"
  
  "@humanwhocodes/config-array@^0.9.2":
    "integrity" "sha512-ObyMyWxZiCu/yTisA7uzx81s40xR2fD5Cg/2Kq7G02ajkNubJf6BopgDTmDyc3U7sXpNKM8cYOw7s7Tyr+DnCw=="
    "resolved" "https://registry.npmjs.org/@humanwhocodes/config-array/-/config-array-0.9.5.tgz"
    "version" "0.9.5"
    dependencies:
      "@humanwhocodes/object-schema" "^1.2.1"
      "debug" "^4.1.1"
      "minimatch" "^3.0.4"
  
  "@humanwhocodes/object-schema@^1.2.1":
    "integrity" "sha512-ZnQMnLV4e7hDlUvw8H+U8ASL02SS2Gn6+9Ac3wGGLIe7+je2AeAOxPY+izIPJDfFDb7eDjev0Us8MO1iFRN8hA=="
    "resolved" "https://registry.npmjs.org/@humanwhocodes/object-schema/-/object-schema-1.2.1.tgz"
    "version" "1.2.1"
  
  "@iconify/json@^1.1.459":
    "integrity" "sha512-ToupL/TZCWIx2OeISEnZUqGIsYzOcc9exHbzQV3rhGARxoao+fl5a6C/YG2St/tocOCcHExwuGnV0fO9wpdJMA=="
    "resolved" "https://registry.npmmirror.com/@iconify/json/download/@iconify/json-1.1.459.tgz"
    "version" "1.1.459"
  
  "@iconify/types@^1.0.12":
    "integrity" "sha512-6er6wSGF3hgc1JEZqiGpg21CTCjHBYOUwqLmb2Idzkjiw6ogalGP0ZMLVutCzah+0WB4yP+Zd2oVPN8jvJ+Ftg=="
    "resolved" "https://registry.npmmirror.com/@iconify/types/download/@iconify/types-1.0.12.tgz"
    "version" "1.0.12"
  
  "@iconify/utils@^1.0.21":
    "integrity" "sha512-Rf8vfOH7MI30xyc9rbLFdxnfsfdcrIiIxsoZyEWkUK8P65QsS9PrQXunOc9Wt7uZfJTiX25WMED3WqLKXrRx1Q=="
    "resolved" "https://registry.npmmirror.com/@iconify/utils/download/@iconify/utils-1.0.21.tgz"
    "version" "1.0.21"
    dependencies:
      "@antfu/install-pkg" "^0.1.0"
      "@antfu/utils" "^0.3.0"
      "@iconify/types" "^1.0.12"
      "debug" "^4.3.3"
      "kolorist" "^1.5.0"
      "local-pkg" "^0.4.0"
  
  "@nodelib/fs.scandir@2.1.5":
    "integrity" "sha1-dhnC6yGyVIP20WdUi0z9WnSIw9U="
    "resolved" "https://registry.nlark.com/@nodelib/fs.scandir/download/@nodelib/fs.scandir-2.1.5.tgz?cache=0&other_urls=https%3A%2F%2Fregistry.nlark.com%2F%40nodelib%2Ffs.scandir%2Fdownload%2F%40nodelib%2Ffs.scandir-2.1.5.tgz"
    "version" "2.1.5"
    dependencies:
      "@nodelib/fs.stat" "2.0.5"
      "run-parallel" "^1.1.9"
  
  "@nodelib/fs.stat@^2.0.2", "@nodelib/fs.stat@2.0.5":
    "integrity" "sha1-W9Jir5Tp0lvR5xsF3u1Eh2oiLos="
    "resolved" "https://registry.npmmirror.com/@nodelib/fs.stat/download/@nodelib/fs.stat-2.0.5.tgz"
    "version" "2.0.5"
  
  "@nodelib/fs.walk@^1.2.3":
    "integrity" "sha1-6Vc36LtnRt3t9pxVaVNJTxlv5po="
    "resolved" "https://registry.npmmirror.com/@nodelib/fs.walk/download/@nodelib/fs.walk-1.2.8.tgz?cache=0&sync_timestamp=1632323121504&other_urls=https%3A%2F%2Fregistry.npmmirror.com%2F%40nodelib%2Ffs.walk%2Fdownload%2F%40nodelib%2Ffs.walk-1.2.8.tgz"
    "version" "1.2.8"
    dependencies:
      "@nodelib/fs.scandir" "2.1.5"
      "fastq" "^1.6.0"
  
  "@polka/url@^1.0.0-next.20":
    "integrity" "sha1-XeWiOFo1MJQn9gEZkrVEUU1VmqE="
    "resolved" "https://registry.npmmirror.com/@polka/url/download/@polka/url-1.0.0-next.21.tgz"
    "version" "1.0.0-next.21"
  
  "@rollup/pluginutils@^4.1.2":
    "integrity" "sha512-ROn4qvkxP9SyPeHaf7uQC/GPFY6L/OWy9+bd9AwcjOAWQwxRscoEyAUD8qCY5o5iL4jqQwoLk2kaTKJPb/HwzQ=="
    "resolved" "https://registry.npmmirror.com/@rollup/pluginutils/download/@rollup/pluginutils-4.1.2.tgz"
    "version" "4.1.2"
    dependencies:
      "estree-walker" "^2.0.1"
      "picomatch" "^2.2.2"
  
  "@types/json-schema@^7.0.9":
    "integrity" "sha512-wOuvG1SN4Us4rez+tylwwwCV1psiNVOkJeM3AUWUNWg/jDQY2+HE/444y5gc+jBmRqASOm2Oeh5c1axHobwRKQ=="
    "resolved" "https://registry.npmjs.org/@types/json-schema/-/json-schema-7.0.11.tgz"
    "version" "7.0.11"
  
  "@types/throttle-debounce@^2.1.0":
    "integrity" "sha1-HD32JL/Eti+ZLTASuExW1B6rN3Y="
    "resolved" "https://registry.npmmirror.com/@types/throttle-debounce/download/@types/throttle-debounce-2.1.0.tgz"
    "version" "2.1.0"
  
  "@typescript-eslint/eslint-plugin@^5.17.0":
    "integrity" "sha512-qVstvQilEd89HJk3qcbKt/zZrfBZ+9h2ynpAGlWjWiizA7m/MtLT9RoX6gjtpE500vfIg8jogAkDzdCxbsFASQ=="
    "resolved" "https://registry.npmjs.org/@typescript-eslint/eslint-plugin/-/eslint-plugin-5.17.0.tgz"
    "version" "5.17.0"
    dependencies:
      "@typescript-eslint/scope-manager" "5.17.0"
      "@typescript-eslint/type-utils" "5.17.0"
      "@typescript-eslint/utils" "5.17.0"
      "debug" "^4.3.2"
      "functional-red-black-tree" "^1.0.1"
      "ignore" "^5.1.8"
      "regexpp" "^3.2.0"
      "semver" "^7.3.5"
      "tsutils" "^3.21.0"
  
  "@typescript-eslint/parser@^5.0.0", "@typescript-eslint/parser@^5.17.0":
    "integrity" "sha512-aRzW9Jg5Rlj2t2/crzhA2f23SIYFlF9mchGudyP0uiD6SenIxzKoLjwzHbafgHn39dNV/TV7xwQkLfFTZlJ4ig=="
    "resolved" "https://registry.npmjs.org/@typescript-eslint/parser/-/parser-5.17.0.tgz"
    "version" "5.17.0"
    dependencies:
      "@typescript-eslint/scope-manager" "5.17.0"
      "@typescript-eslint/types" "5.17.0"
      "@typescript-eslint/typescript-estree" "5.17.0"
      "debug" "^4.3.2"
  
  "@typescript-eslint/scope-manager@5.17.0":
    "integrity" "sha512-062iCYQF/doQ9T2WWfJohQKKN1zmmXVfAcS3xaiialiw8ZUGy05Em6QVNYJGO34/sU1a7a+90U3dUNfqUDHr3w=="
    "resolved" "https://registry.npmjs.org/@typescript-eslint/scope-manager/-/scope-manager-5.17.0.tgz"
    "version" "5.17.0"
    dependencies:
      "@typescript-eslint/types" "5.17.0"
      "@typescript-eslint/visitor-keys" "5.17.0"
  
  "@typescript-eslint/type-utils@5.17.0":
    "integrity" "sha512-3hU0RynUIlEuqMJA7dragb0/75gZmwNwFf/QJokWzPehTZousP/MNifVSgjxNcDCkM5HI2K22TjQWUmmHUINSg=="
    "resolved" "https://registry.npmjs.org/@typescript-eslint/type-utils/-/type-utils-5.17.0.tgz"
    "version" "5.17.0"
    dependencies:
      "@typescript-eslint/utils" "5.17.0"
      "debug" "^4.3.2"
      "tsutils" "^3.21.0"
  
  "@typescript-eslint/types@5.17.0":
    "integrity" "sha512-AgQ4rWzmCxOZLioFEjlzOI3Ch8giDWx8aUDxyNw9iOeCvD3GEYAB7dxWGQy4T/rPVe8iPmu73jPHuaSqcjKvxw=="
    "resolved" "https://registry.npmjs.org/@typescript-eslint/types/-/types-5.17.0.tgz"
    "version" "5.17.0"
  
  "@typescript-eslint/typescript-estree@5.17.0":
    "integrity" "sha512-X1gtjEcmM7Je+qJRhq7ZAAaNXYhTgqMkR10euC4Si6PIjb+kwEQHSxGazXUQXFyqfEXdkGf6JijUu5R0uceQzg=="
    "resolved" "https://registry.npmjs.org/@typescript-eslint/typescript-estree/-/typescript-estree-5.17.0.tgz"
    "version" "5.17.0"
    dependencies:
      "@typescript-eslint/types" "5.17.0"
      "@typescript-eslint/visitor-keys" "5.17.0"
      "debug" "^4.3.2"
      "globby" "^11.0.4"
      "is-glob" "^4.0.3"
      "semver" "^7.3.5"
      "tsutils" "^3.21.0"
  
  "@typescript-eslint/utils@5.17.0":
    "integrity" "sha512-DVvndq1QoxQH+hFv+MUQHrrWZ7gQ5KcJzyjhzcqB1Y2Xes1UQQkTRPUfRpqhS8mhTWsSb2+iyvDW1Lef5DD7vA=="
    "resolved" "https://registry.npmjs.org/@typescript-eslint/utils/-/utils-5.17.0.tgz"
    "version" "5.17.0"
    dependencies:
      "@types/json-schema" "^7.0.9"
      "@typescript-eslint/scope-manager" "5.17.0"
      "@typescript-eslint/types" "5.17.0"
      "@typescript-eslint/typescript-estree" "5.17.0"
      "eslint-scope" "^5.1.1"
      "eslint-utils" "^3.0.0"
  
  "@typescript-eslint/visitor-keys@5.17.0":
    "integrity" "sha512-6K/zlc4OfCagUu7Am/BD5k8PSWQOgh34Nrv9Rxe2tBzlJ7uOeJ/h7ugCGDCeEZHT6k2CJBhbk9IsbkPI0uvUkA=="
    "resolved" "https://registry.npmjs.org/@typescript-eslint/visitor-keys/-/visitor-keys-5.17.0.tgz"
    "version" "5.17.0"
    dependencies:
      "@typescript-eslint/types" "5.17.0"
      "eslint-visitor-keys" "^3.0.0"
  
  "@unocss/cli@0.22.5":
    "integrity" "sha512-0hToMv1PjhI+9gNgp2M+MosZlPNUTrBXp+bbuAlaLlgKVliMvr8leBsqk3LosFM8DfvAMUre60UJGstpnJEEYw=="
    "resolved" "https://registry.npmmirror.com/@unocss/cli/download/@unocss/cli-0.22.5.tgz"
    "version" "0.22.5"
    dependencies:
      "@unocss/config" "0.22.5"
      "@unocss/core" "0.22.5"
      "@unocss/preset-uno" "0.22.5"
      "cac" "^6.7.12"
      "chokidar" "^3.5.2"
      "colorette" "^2.0.16"
      "consola" "^2.15.3"
      "fast-glob" "^3.2.11"
      "pathe" "^0.2.0"
  
  "@unocss/config@0.22.5":
    "integrity" "sha512-qtVAytiv4Sh+Si31PnQlkQl/MSMUK/nF5d0nyjwNkLacIcQs8EcCAvDOhnSKHp3hEzNlq2xst3Q4vgVC34TfjA=="
    "resolved" "https://registry.npmmirror.com/@unocss/config/download/@unocss/config-0.22.5.tgz"
    "version" "0.22.5"
    dependencies:
      "@unocss/core" "0.22.5"
      "unconfig" "^0.2.2"
  
  "@unocss/core@0.22.5":
    "integrity" "sha512-H12io3S6lY5TtMUZbyi1c1rZCkZDEIJEBLJ0QPBUvATCD4mLlROaFMOk+JHkhmI73vtFz3oZI3A4CVwJfE1bgw=="
    "resolved" "https://registry.npmmirror.com/@unocss/core/download/@unocss/core-0.22.5.tgz"
    "version" "0.22.5"
  
  "@unocss/inspector@0.22.5":
    "integrity" "sha512-wcmL2yrAdl4x5uij19g9pMi6eId2eTwmpHw4mCKwiQiGYkeCGskaN5fawRnWCLTP8D9URpJ/IBTxJcLZBe0QFA=="
    "resolved" "https://registry.npmmirror.com/@unocss/inspector/download/@unocss/inspector-0.22.5.tgz"
    "version" "0.22.5"
    dependencies:
      "gzip-size" "^6.0.0"
      "sirv" "^2.0.0"
  
  "@unocss/preset-attributify@0.22.5":
    "integrity" "sha512-ohIXswi7qMqPs0gXykRN8gTReMpUFlpFEkSpRSRZA/RjNK9S/1L3NV0WP4dZSsN/wFn7GSkbD+l1hyispgOt6Q=="
    "resolved" "https://registry.npmmirror.com/@unocss/preset-attributify/download/@unocss/preset-attributify-0.22.5.tgz"
    "version" "0.22.5"
    dependencies:
      "@unocss/core" "0.22.5"
  
  "@unocss/preset-icons@0.22.5":
    "integrity" "sha512-TaoK85iGcGM9uuKGvyfPxU1SCtrT7+qKDdYnibBkxlUt7tX9ZY2wtnhNhXG/77NP23Y1I+5ur4KbI+QFudiHkA=="
    "resolved" "https://registry.npmmirror.com/@unocss/preset-icons/download/@unocss/preset-icons-0.22.5.tgz"
    "version" "0.22.5"
    dependencies:
      "@iconify/utils" "^1.0.21"
      "@unocss/core" "0.22.5"
      "local-pkg" "^0.4.1"
  
  "@unocss/preset-mini@0.22.5":
    "integrity" "sha512-jSWY2NxJlVNAdLEOXBsT5sbBlGwpq9j4cQvlaBN/X57VI64Kp7ubjF069ALYEQCBVExcxK2WLaGdUlfKUS29GA=="
    "resolved" "https://registry.npmmirror.com/@unocss/preset-mini/download/@unocss/preset-mini-0.22.5.tgz"
    "version" "0.22.5"
    dependencies:
      "@unocss/core" "0.22.5"
  
  "@unocss/preset-uno@0.22.5":
    "integrity" "sha512-3sE7pyPqN3tLc7i1U48xsweSx1dEftOf6jk+3dZ43r85BbdLOjKzjVMyy0Wv9V+r7Bf848DnP3rctJjYEQ7yDQ=="
    "resolved" "https://registry.npmmirror.com/@unocss/preset-uno/download/@unocss/preset-uno-0.22.5.tgz"
    "version" "0.22.5"
    dependencies:
      "@unocss/core" "0.22.5"
      "@unocss/preset-mini" "0.22.5"
      "@unocss/preset-wind" "0.22.5"
  
  "@unocss/preset-web-fonts@0.22.5":
    "integrity" "sha512-4rR6TlYveDc/4PjolVmK703gsIZ7jW2H7QAtb354h4UdKJc4Acz2nnKvsa2BnrAFFkQTh/u8P6qbOK+X0mUPJg=="
    "resolved" "https://registry.npmmirror.com/@unocss/preset-web-fonts/download/@unocss/preset-web-fonts-0.22.5.tgz"
    "version" "0.22.5"
    dependencies:
      "@unocss/core" "0.22.5"
      "axios" "^0.24.0"
  
  "@unocss/preset-wind@0.22.5":
    "integrity" "sha512-3kopB/niZsgZWHrnaXrqHRv3vS7jrztc1m49mtk9rG3wVswV4tCBpat80mvH+x+9PB3BQOw0BbcEbmPZDaxeag=="
    "resolved" "https://registry.npmmirror.com/@unocss/preset-wind/download/@unocss/preset-wind-0.22.5.tgz"
    "version" "0.22.5"
    dependencies:
      "@unocss/core" "0.22.5"
      "@unocss/preset-mini" "0.22.5"
  
  "@unocss/reset@0.22.5":
    "integrity" "sha512-NEuBbkTIBlvWn19Pz/zH8EwmAveH8adOEYDVUiLYRkhTYBxa7X71YDTQWUfK1xCO34QQwreCXRBMIbXeylV3oA=="
    "resolved" "https://registry.npmmirror.com/@unocss/reset/download/@unocss/reset-0.22.5.tgz"
    "version" "0.22.5"
  
  "@unocss/scope@0.22.5":
    "integrity" "sha512-E6N72cZhj9xKF1aw9PO5iKP4g0z0wvPXQh3ZNwmFZqFl+he4/G+huM4GUSK2BeOATfDPpNofdu1RB6B8QGmVHg=="
    "resolved" "https://registry.npmmirror.com/@unocss/scope/download/@unocss/scope-0.22.5.tgz"
    "version" "0.22.5"
  
  "@unocss/vite@0.22.5":
    "integrity" "sha512-fd95qnHfDQ+z6aa+2ZdxCQXX1b+OjPSzm/2L38q9FAktYU5Y0paTk92JOVpjD1uoseUHtk7n9sFpY6oMHXZ3KQ=="
    "resolved" "https://registry.npmmirror.com/@unocss/vite/download/@unocss/vite-0.22.5.tgz"
    "version" "0.22.5"
    dependencies:
      "@rollup/pluginutils" "^4.1.2"
      "@unocss/config" "0.22.5"
      "@unocss/core" "0.22.5"
      "@unocss/inspector" "0.22.5"
      "@unocss/scope" "0.22.5"
  
  "@vitejs/plugin-vue@^2.0.0":
    "integrity" "sha512-AZ78WxvFMYd8JmM/GBV6a6SGGTU0GgN/0/4T+FnMMsLzFEzTeAUwuraapy50ifHZsC+G5SvWs86bvaCPTneFlA=="
    "resolved" "https://registry.npmmirror.com/@vitejs/plugin-vue/download/@vitejs/plugin-vue-2.1.0.tgz"
    "version" "2.1.0"
  
  "@vue/compiler-core@3.2.28":
    "integrity" "sha512-mQpfEjmHVxmWKaup0HL6tLMv2HqjjJu7XT4/q0IoUXYXC4xKG8lIVn5YChJqxBTLPuQjzas7u7i9L4PAWJZRtA=="
    "resolved" "https://registry.npmmirror.com/@vue/compiler-core/download/@vue/compiler-core-3.2.28.tgz"
    "version" "3.2.28"
    dependencies:
      "@babel/parser" "^7.16.4"
      "@vue/shared" "3.2.28"
      "estree-walker" "^2.0.2"
      "source-map" "^0.6.1"
  
  "@vue/compiler-dom@3.2.28":
    "integrity" "sha512-KA4yXceLteKC7VykvPnViUixemQw3A+oii+deSbZJOQKQKVh1HLosI10qxa8ImPCyun41+wG3uGR+tW7eu1W6Q=="
    "resolved" "https://registry.npmmirror.com/@vue/compiler-dom/download/@vue/compiler-dom-3.2.28.tgz"
    "version" "3.2.28"
    dependencies:
      "@vue/compiler-core" "3.2.28"
      "@vue/shared" "3.2.28"
  
  "@vue/compiler-sfc@3.2.28":
    "integrity" "sha512-zB0WznfEBb4CbGBHzhboHDKVO5nxbkbxxFo9iVlxObP7a9/qvA5kkZEuT7nXP52f3b3qEfmVTjIT23Lo1ndZdQ=="
    "resolved" "https://registry.npmmirror.com/@vue/compiler-sfc/download/@vue/compiler-sfc-3.2.28.tgz"
    "version" "3.2.28"
    dependencies:
      "@babel/parser" "^7.16.4"
      "@vue/compiler-core" "3.2.28"
      "@vue/compiler-dom" "3.2.28"
      "@vue/compiler-ssr" "3.2.28"
      "@vue/reactivity-transform" "3.2.28"
      "@vue/shared" "3.2.28"
      "estree-walker" "^2.0.2"
      "magic-string" "^0.25.7"
      "postcss" "^8.1.10"
      "source-map" "^0.6.1"
  
  "@vue/compiler-ssr@3.2.28":
    "integrity" "sha512-z8rck1PDTu20iLyip9lAvIhaO40DUJrw3Zv0mS4Apfh3PlfWpF5dhsO5g0dgt213wgYsQIYVIlU9cfrYapqRgg=="
    "resolved" "https://registry.npmmirror.com/@vue/compiler-ssr/download/@vue/compiler-ssr-3.2.28.tgz"
    "version" "3.2.28"
    dependencies:
      "@vue/compiler-dom" "3.2.28"
      "@vue/shared" "3.2.28"
  
  "@vue/devtools-api@^6.0.0":
    "integrity" "sha512-iO/4FIezHKXhiDBdKySCvJVh8/mZPxHpiQrTy+PXVqJZgpTPTdHy4q8GXulaY+UKEagdkBb0onxNQZ0LNiqVhw=="
    "resolved" "https://registry.npmmirror.com/@vue/devtools-api/-/devtools-api-6.0.12.tgz"
    "version" "6.0.12"
  
  "@vue/reactivity-transform@3.2.28":
    "integrity" "sha512-zE8idNkOPnBDd2tKSIk84hOQZ+jXKvSy5FoIIVlcNEJHnCFnQ3maqeSJ9KoB2Rf6EXUhFTiTDNRlYlXmT2uHbQ=="
    "resolved" "https://registry.npmmirror.com/@vue/reactivity-transform/download/@vue/reactivity-transform-3.2.28.tgz"
    "version" "3.2.28"
    dependencies:
      "@babel/parser" "^7.16.4"
      "@vue/compiler-core" "3.2.28"
      "@vue/shared" "3.2.28"
      "estree-walker" "^2.0.2"
      "magic-string" "^0.25.7"
  
  "@vue/reactivity@3.2.28":
    "integrity" "sha512-WamM5LGv7JIarW+EYAzYFqYonZXjTnOjNW0sBO93jRE9I1ReAwfH8NvQXkPA3JZ3fuF6SGDdG8Y9/+dKjd/1Gw=="
    "resolved" "https://registry.npmmirror.com/@vue/reactivity/download/@vue/reactivity-3.2.28.tgz"
    "version" "3.2.28"
    dependencies:
      "@vue/shared" "3.2.28"
  
  "@vue/runtime-core@3.2.28":
    "integrity" "sha512-sVbBMFUt42JatTlXbdH6tVcLPw1eEOrrVQWI+j6/nJVzR852RURaT6DhdR0azdYscxq4xmmBctE0VQmlibBOFw=="
    "resolved" "https://registry.npmmirror.com/@vue/runtime-core/download/@vue/runtime-core-3.2.28.tgz"
    "version" "3.2.28"
    dependencies:
      "@vue/reactivity" "3.2.28"
      "@vue/shared" "3.2.28"
  
  "@vue/runtime-dom@3.2.28":
    "integrity" "sha512-Jg7cxZanEXXGu1QnZILFLnDrM+MIFN8VAullmMZiJEZziHvhygRMpi0ahNy/8OqGwtTze1JNhLdHRBO+q2hbmg=="
    "resolved" "https://registry.npmmirror.com/@vue/runtime-dom/download/@vue/runtime-dom-3.2.28.tgz"
    "version" "3.2.28"
    dependencies:
      "@vue/runtime-core" "3.2.28"
      "@vue/shared" "3.2.28"
      "csstype" "^2.6.8"
  
  "@vue/server-renderer@3.2.28":
    "integrity" "sha512-S+MhurgkPabRvhdDl8R6efKBmniJqBbbWIYTXADaJIKFLFLQCW4gcYUTbxuebzk6j3z485vpekhrHHymTF52Pg=="
    "resolved" "https://registry.npmmirror.com/@vue/server-renderer/download/@vue/server-renderer-3.2.28.tgz"
    "version" "3.2.28"
    dependencies:
      "@vue/compiler-ssr" "3.2.28"
      "@vue/shared" "3.2.28"
  
  "@vue/shared@3.2.28":
    "integrity" "sha512-eMQ8s9j8FpbGHlgUAaj/coaG3Q8YtMsoWL/RIHTsE3Ex7PUTyr7V91vB5HqWB5Sn8m4RXTHGO22/skoTUYvp0A=="
    "resolved" "https://registry.npmmirror.com/@vue/shared/download/@vue/shared-3.2.28.tgz"
    "version" "3.2.28"
  
  "acorn-jsx@^5.3.1":
    "integrity" "sha512-rq9s+JNhf0IChjtDXxllJ7g41oZk5SlXtp0LHwyA5cejwn7vKmKp4pPri6YEePv2PU65sAsegbXtIinmDFDXgQ=="
    "resolved" "https://registry.npmjs.org/acorn-jsx/-/acorn-jsx-5.3.2.tgz"
    "version" "5.3.2"
  
  "acorn@^6.0.0 || ^7.0.0 || ^8.0.0", "acorn@^8.7.0":
    "integrity" "sha512-V/LGr1APy+PXIwKebEWrkZPwoeoF+w1jiOBUmuxuiUIaOHtob8Qc9BTrYo7VuI5fR8tqsy+buA2WFooR5olqvQ=="
    "resolved" "https://registry.npmjs.org/acorn/-/acorn-8.7.0.tgz"
    "version" "8.7.0"
  
  "ajv@^6.10.0", "ajv@^6.12.4":
    "integrity" "sha512-j3fVLgvTo527anyYyJOGTYJbG+vnnQYvE0m5mmkc1TK+nxAppkCLMIL0aZ4dblVCNoGShhm+kzE4ZUykBoMg4g=="
    "resolved" "https://registry.npmjs.org/ajv/-/ajv-6.12.6.tgz"
    "version" "6.12.6"
    dependencies:
      "fast-deep-equal" "^3.1.1"
      "fast-json-stable-stringify" "^2.0.0"
      "json-schema-traverse" "^0.4.1"
      "uri-js" "^4.2.2"
  
  "ansi-regex@^5.0.1":
    "integrity" "sha512-quJQXlTSUGL2LH9SUXo8VwsY4soanhgo6LNSm84E1LBcE8s3O0wpdiRzyR9z/ZZJMlMWv37qOOb9pdJlMUEKFQ=="
    "resolved" "https://registry.npmjs.org/ansi-regex/-/ansi-regex-5.0.1.tgz"
    "version" "5.0.1"
  
  "ansi-styles@^4.1.0":
    "integrity" "sha512-zbB9rCJAT1rbjiVDb2hqKFHNYLxgtk8NURxZ3IZwD3F6NtxbXZQCnnSi1Lkx+IDohdPlFp222wVALIheZJQSEg=="
    "resolved" "https://registry.npmjs.org/ansi-styles/-/ansi-styles-4.3.0.tgz"
    "version" "4.3.0"
    dependencies:
      "color-convert" "^2.0.1"
  
  "anymatch@~3.1.2":
    "integrity" "sha1-wFV8CWrzLxBhmPT04qODU343hxY="
    "resolved" "https://registry.npm.taobao.org/anymatch/download/anymatch-3.1.2.tgz?cache=0&sync_timestamp=1617747544108&other_urls=https%3A%2F%2Fregistry.npm.taobao.org%2Fanymatch%2Fdownload%2Fanymatch-3.1.2.tgz"
    "version" "3.1.2"
    dependencies:
      "normalize-path" "^3.0.0"
      "picomatch" "^2.0.4"
  
  "argparse@^2.0.1":
    "integrity" "sha512-8+9WqebbFzpX9OR+Wa6O29asIogeRMzcGtAINdpMHHyAg10f05aSFVBbcEqGf/PXw1EjAZ+q2/bEBg3DvurK3Q=="
    "resolved" "https://registry.npmjs.org/argparse/-/argparse-2.0.1.tgz"
    "version" "2.0.1"
  
  "array-union@^2.1.0":
    "integrity" "sha512-HGyxoOTYUyCM6stUe6EJgnd4EoewAI7zMdfqO+kGjnlZmBDz/cR5pf8r/cR4Wq60sL/p0IkcjUEEPwS3GFrIyw=="
    "resolved" "https://registry.npmjs.org/array-union/-/array-union-2.1.0.tgz"
    "version" "2.1.0"
  
  "axios@^0.24.0":
    "integrity" "sha512-Q6cWsys88HoPgAaFAVUb0WpPk0O8iTeisR9IMqy9G8AbO4NlpVknrnQS03zzF9PGAWgO3cgletO3VjV/P7VztA=="
    "resolved" "https://registry.npmmirror.com/axios/download/axios-0.24.0.tgz"
    "version" "0.24.0"
    dependencies:
      "follow-redirects" "^1.14.4"
  
  "balanced-match@^1.0.0":
    "integrity" "sha512-3oSeUO0TMV67hN1AmbXsK4yaqU7tjiHlbxRDZOpH0KW9+CeX4bRAaX0Anxt0tx2MrpRpWwQaPwIlISEJhYU5Pw=="
    "resolved" "https://registry.npmjs.org/balanced-match/-/balanced-match-1.0.2.tgz"
    "version" "1.0.2"
  
  "binary-extensions@^2.0.0":
    "integrity" "sha1-dfUC7q+f/eQvyYgpZFvk6na9ni0="
    "resolved" "https://registry.nlark.com/binary-extensions/download/binary-extensions-2.2.0.tgz"
    "version" "2.2.0"
  
  "brace-expansion@^1.1.7":
    "integrity" "sha512-iCuPHDFgrHX7H2vEI/5xpz07zSHB00TpugqhmYtVmMO6518mCuRMoOYFldEBl0g187ufozdaHgWKcYFb61qGiA=="
    "resolved" "https://registry.npmjs.org/brace-expansion/-/brace-expansion-1.1.11.tgz"
    "version" "1.1.11"
    dependencies:
      "balanced-match" "^1.0.0"
      "concat-map" "0.0.1"
  
  "braces@^3.0.1", "braces@~3.0.2":
    "integrity" "sha1-NFThpGLujVmeI23zNs2epPiv4Qc="
    "resolved" "https://registry.nlark.com/braces/download/braces-3.0.2.tgz"
    "version" "3.0.2"
    dependencies:
      "fill-range" "^7.0.1"
  
  "cac@^6.7.12":
    "integrity" "sha512-rM7E2ygtMkJqD9c7WnFU6fruFcN3xe4FM5yUmgxhZzIKJk4uHl9U/fhwdajGFQbQuv43FAUo1Fe8gX/oIKDeSA=="
    "resolved" "https://registry.npmmirror.com/cac/download/cac-6.7.12.tgz?cache=0&sync_timestamp=1636681319255&other_urls=https%3A%2F%2Fregistry.npmmirror.com%2Fcac%2Fdownload%2Fcac-6.7.12.tgz"
    "version" "6.7.12"
  
  "callsites@^3.0.0":
    "integrity" "sha512-P8BjAsXvZS+VIDUI11hHCQEv74YT67YUi5JJFNWIqL235sBmjX4+qx9Muvls5ivyNENctx46xQLQ3aTuE7ssaQ=="
    "resolved" "https://registry.npmjs.org/callsites/-/callsites-3.1.0.tgz"
    "version" "3.1.0"
  
  "chalk@^4.0.0":
    "integrity" "sha512-oKnbhFyRIXpUuez8iBMmyEa4nbj4IOQyuhc/wy9kY7/WVPcwIO9VA668Pu8RkO7+0G76SLROeyw9CpQ061i4mA=="
    "resolved" "https://registry.npmjs.org/chalk/-/chalk-4.1.2.tgz"
    "version" "4.1.2"
    dependencies:
      "ansi-styles" "^4.1.0"
      "supports-color" "^7.1.0"
  
  "chokidar@^3.5.2":
    "integrity" "sha512-Dr3sfKRP6oTcjf2JmUmFJfeVMvXBdegxB0iVQ5eb2V10uFJUCAS8OByZdVAyVb8xXNz3GjjTgj9kLWsZTqE6kw=="
    "resolved" "https://registry.npmmirror.com/chokidar/download/chokidar-3.5.3.tgz"
    "version" "3.5.3"
    dependencies:
      "anymatch" "~3.1.2"
      "braces" "~3.0.2"
      "glob-parent" "~5.1.2"
      "is-binary-path" "~2.1.0"
      "is-glob" "~4.0.1"
      "normalize-path" "~3.0.0"
      "readdirp" "~3.6.0"
    optionalDependencies:
      "fsevents" "~2.3.2"
  
  "color-convert@^2.0.1":
    "integrity" "sha512-RRECPsj7iu/xb5oKYcsFHSppFNnsj/52OVTRKb4zP5onXwVF3zVmmToNcOfGC+CRDpfK/U584fMg38ZHCaElKQ=="
    "resolved" "https://registry.npmjs.org/color-convert/-/color-convert-2.0.1.tgz"
    "version" "2.0.1"
    dependencies:
      "color-name" "~1.1.4"
  
  "color-name@~1.1.4":
    "integrity" "sha512-dOy+3AuW3a2wNbZHIuMZpTcgjGuLU/uBL/ubcZF9OXbDo8ff4O8yVp5Bf0efS8uEoYo5q4Fx7dY9OgQGXgAsQA=="
    "resolved" "https://registry.npmjs.org/color-name/-/color-name-1.1.4.tgz"
    "version" "1.1.4"
  
  "colorette@^2.0.16":
    "integrity" "sha1-cTua+E/bAAE58EVGvUqT9ipQhdo="
    "resolved" "https://registry.npmmirror.com/colorette/download/colorette-2.0.16.tgz"
    "version" "2.0.16"
  
  "concat-map@0.0.1":
    "integrity" "sha1-2Klr13/Wjfd5OnMDajug1UBdR3s="
    "resolved" "https://registry.npmjs.org/concat-map/-/concat-map-0.0.1.tgz"
    "version" "0.0.1"
  
  "consola@^2.15.3":
    "integrity" "sha1-LhH5jWpL5x/3LgvfB70j4Sy2FVA="
    "resolved" "https://registry.npmmirror.com/consola/download/consola-2.15.3.tgz"
    "version" "2.15.3"
  
  "copy-anything@^2.0.1":
    "integrity" "sha512-1j20GZTsvKNkc4BY3NpMOM8tt///wY3FpIzozTOFO2ffuZcV61nojHXVKIy3WM+7ADCy5FVhdZYHYDdgTU0yJw=="
    "resolved" "https://registry.npmmirror.com/copy-anything/-/copy-anything-2.0.6.tgz"
    "version" "2.0.6"
    dependencies:
      "is-what" "^3.14.1"
  
  "cross-spawn@^7.0.2", "cross-spawn@^7.0.3":
    "integrity" "sha1-9zqFudXUHQRVUcF34ogtSshXKKY="
    "resolved" "https://registry.npm.taobao.org/cross-spawn/download/cross-spawn-7.0.3.tgz"
    "version" "7.0.3"
    dependencies:
      "path-key" "^3.1.0"
      "shebang-command" "^2.0.0"
      "which" "^2.0.1"
  
  "csstype@^2.6.8":
    "integrity" "sha512-ZVxXaNy28/k3kJg0Fou5MiYpp88j7H9hLZp8PDC3jV0WFjfH5E9xHb56L0W59cPbKbcHXeP4qyT8PrHp8t6LcQ=="
    "resolved" "https://registry.npmmirror.com/csstype/download/csstype-2.6.19.tgz"
    "version" "2.6.19"
  
  "debug@^3.2.6":
    "integrity" "sha512-CFjzYYAi4ThfiQvizrFQevTTXHtnCqWfe7x1AhgEscTz6ZbLbfoLRLPugTQyBth6f8ZERVUSyWHFD/7Wu4t1XQ=="
    "resolved" "https://registry.npmmirror.com/debug/-/debug-3.2.7.tgz"
    "version" "3.2.7"
    dependencies:
      "ms" "^2.1.1"
  
  "debug@^4.1.1", "debug@^4.3.2":
    "integrity" "sha512-PRWFHuSU3eDtQJPvnNY7Jcket1j0t5OuOsFzPPzsekD52Zl8qUfFIPEiswXqIvHWGVHOgX+7G/vCNNhehwxfkQ=="
    "resolved" "https://registry.npmjs.org/debug/-/debug-4.3.4.tgz"
    "version" "4.3.4"
    dependencies:
      "ms" "2.1.2"
  
  "debug@^4.3.3":
    "integrity" "sha512-/zxw5+vh1Tfv+4Qn7a5nsbcJKPaSvCDhojn6FEl9vupwK2VCSDtEiEtqr8DFtzYFOdz63LBkxec7DYuc2jon6Q=="
    "resolved" "https://registry.npmmirror.com/debug/download/debug-4.3.3.tgz"
    "version" "4.3.3"
    dependencies:
      "ms" "2.1.2"
  
  "deep-is@^0.1.3":
    "integrity" "sha512-oIPzksmTg4/MriiaYGO+okXDT7ztn/w3Eptv/+gSIdMdKsJo0u4CfYNFJPy+4SKMuCqGw2wxnA+URMg3t8a/bQ=="
    "resolved" "https://registry.npmjs.org/deep-is/-/deep-is-0.1.4.tgz"
    "version" "0.1.4"
  
  "defu@^5.0.0":
    "integrity" "sha512-EPS1carKg+dkEVy3qNTqIdp2qV7mUP08nIsupfwQpz++slCVRw7qbQyWvSTig+kFPwz2XXp5/kIIkH+CwrJKkQ=="
    "resolved" "https://registry.npmmirror.com/defu/download/defu-5.0.1.tgz"
    "version" "5.0.1"
  
  "dir-glob@^3.0.1":
    "integrity" "sha512-WkrWp9GR4KXfKGYzOLmTuGVi1UWFfws377n9cc55/tb6DuqyF6pcQ5AbiHEshaDpY9v6oaSr2XCDidGmMwdzIA=="
    "resolved" "https://registry.npmjs.org/dir-glob/-/dir-glob-3.0.1.tgz"
    "version" "3.0.1"
    dependencies:
      "path-type" "^4.0.0"
  
  "doctrine@^3.0.0":
    "integrity" "sha512-yS+Q5i3hBf7GBkd4KG8a7eBNNWNGLTaEwwYWUijIYM7zrlYDM0BFXHjjPWlWZ1Rg7UaddZeIDmi9jF3HmqiQ2w=="
    "resolved" "https://registry.npmjs.org/doctrine/-/doctrine-3.0.0.tgz"
    "version" "3.0.0"
    dependencies:
      "esutils" "^2.0.2"
  
  "duplexer@^0.1.2":
    "integrity" "sha1-Or5DrvODX4rgd9E23c4PJ2sEAOY="
    "resolved" "https://registry.npmmirror.com/duplexer/download/duplexer-0.1.2.tgz"
    "version" "0.1.2"
  
  "errno@^0.1.1":
    "integrity" "sha512-dJ6oBr5SQ1VSd9qkk7ByRgb/1SH4JZjCHSW/mr63/QcXO9zLVxvJ6Oy13nio03rxpSnVDDjFor75SjVeZWPW/A=="
    "resolved" "https://registry.npmmirror.com/errno/-/errno-0.1.8.tgz"
    "version" "0.1.8"
    dependencies:
      "prr" "~1.0.1"
  
  "esbuild-windows-64@0.13.15":
    "integrity" "sha512-9aMsPRGDWCd3bGjUIKG/ZOJPKsiztlxl/Q3C1XDswO6eNX/Jtwu4M+jb6YDH9hRSUflQWX0XKAfWzgy5Wk54JQ=="
    "resolved" "https://registry.npmmirror.com/esbuild-windows-64/download/esbuild-windows-64-0.13.15.tgz"
    "version" "0.13.15"
  
  "esbuild@^0.13.12":
    "integrity" "sha512-raCxt02HBKv8RJxE8vkTSCXGIyKHdEdGfUmiYb8wnabnaEmHzyW7DCHb5tEN0xU8ryqg5xw54mcwnYkC4x3AIw=="
    "resolved" "https://registry.npmmirror.com/esbuild/download/esbuild-0.13.15.tgz"
    "version" "0.13.15"
    optionalDependencies:
      "esbuild-android-arm64" "0.13.15"
      "esbuild-darwin-64" "0.13.15"
      "esbuild-darwin-arm64" "0.13.15"
      "esbuild-freebsd-64" "0.13.15"
      "esbuild-freebsd-arm64" "0.13.15"
      "esbuild-linux-32" "0.13.15"
      "esbuild-linux-64" "0.13.15"
      "esbuild-linux-arm" "0.13.15"
      "esbuild-linux-arm64" "0.13.15"
      "esbuild-linux-mips64le" "0.13.15"
      "esbuild-linux-ppc64le" "0.13.15"
      "esbuild-netbsd-64" "0.13.15"
      "esbuild-openbsd-64" "0.13.15"
      "esbuild-sunos-64" "0.13.15"
      "esbuild-windows-32" "0.13.15"
      "esbuild-windows-64" "0.13.15"
      "esbuild-windows-arm64" "0.13.15"
  
  "escape-string-regexp@^4.0.0":
    "integrity" "sha512-TtpcNJ3XAzx3Gq8sWRzJaVajRs0uVxA2YAkdb1jm2YkPz4G6egUFAyA3n5vtEIZefPk5Wa4UXbKuS5fKkJWdgA=="
    "resolved" "https://registry.npmjs.org/escape-string-regexp/-/escape-string-regexp-4.0.0.tgz"
    "version" "4.0.0"
  
  "eslint-plugin-prettier@^4.0.0":
    "integrity" "sha512-98MqmCJ7vJodoQK359bqQWaxOE0CS8paAz/GgjaZLyex4TTk3g9HugoO89EqWCrFiOqn9EVvcoo7gZzONCWVwQ=="
    "resolved" "https://registry.npmjs.org/eslint-plugin-prettier/-/eslint-plugin-prettier-4.0.0.tgz"
    "version" "4.0.0"
    dependencies:
      "prettier-linter-helpers" "^1.0.0"
  
  "eslint-plugin-vue@^8.5.0":
    "integrity" "sha512-i1uHCTAKOoEj12RDvdtONWrGzjFm/djkzqfhmQ0d6M/W8KM81mhswd/z+iTZ0jCpdUedW3YRgcVfQ37/J4zoYQ=="
    "resolved" "https://registry.npmjs.org/eslint-plugin-vue/-/eslint-plugin-vue-8.5.0.tgz"
    "version" "8.5.0"
    dependencies:
      "eslint-utils" "^3.0.0"
      "natural-compare" "^1.4.0"
      "semver" "^7.3.5"
      "vue-eslint-parser" "^8.0.1"
  
  "eslint-scope@^5.1.1":
    "integrity" "sha512-2NxwbF/hZ0KpepYN0cNbo+FN6XoK7GaHlQhgx/hIZl6Va0bF45RQOOwhLIy8lQDbuCiadSLCBnH2CFYquit5bw=="
    "resolved" "https://registry.npmjs.org/eslint-scope/-/eslint-scope-5.1.1.tgz"
    "version" "5.1.1"
    dependencies:
      "esrecurse" "^4.3.0"
      "estraverse" "^4.1.1"
  
  "eslint-scope@^7.0.0", "eslint-scope@^7.1.1":
    "integrity" "sha512-QKQM/UXpIiHcLqJ5AOyIW7XZmzjkzQXYE54n1++wb0u9V/abW3l9uQnxX8Z5Xd18xyKIMTUAyQ0k1e8pz6LUrw=="
    "resolved" "https://registry.npmjs.org/eslint-scope/-/eslint-scope-7.1.1.tgz"
    "version" "7.1.1"
    dependencies:
      "esrecurse" "^4.3.0"
      "estraverse" "^5.2.0"
  
  "eslint-utils@^3.0.0":
    "integrity" "sha512-uuQC43IGctw68pJA1RgbQS8/NP7rch6Cwd4j3ZBtgo4/8Flj4eGE7ZYSZRN3iq5pVUv6GPdW5Z1RFleo84uLDA=="
    "resolved" "https://registry.npmjs.org/eslint-utils/-/eslint-utils-3.0.0.tgz"
    "version" "3.0.0"
    dependencies:
      "eslint-visitor-keys" "^2.0.0"
  
  "eslint-visitor-keys@^2.0.0":
    "integrity" "sha512-0rSmRBzXgDzIsD6mGdJgevzgezI534Cer5L/vyMX0kHzT/jiB43jRhd9YUlMGYLQy2zprNmoT8qasCGtY+QaKw=="
    "resolved" "https://registry.npmjs.org/eslint-visitor-keys/-/eslint-visitor-keys-2.1.0.tgz"
    "version" "2.1.0"
  
  "eslint-visitor-keys@^3.0.0", "eslint-visitor-keys@^3.1.0", "eslint-visitor-keys@^3.3.0":
    "integrity" "sha512-mQ+suqKJVyeuwGYHAdjMFqjCyfl8+Ldnxuyp3ldiMBFKkvytrXUZWaiPCEav8qDHKty44bD+qV1IP4T+w+xXRA=="
    "resolved" "https://registry.npmjs.org/eslint-visitor-keys/-/eslint-visitor-keys-3.3.0.tgz"
    "version" "3.3.0"
  
  "eslint@*", "eslint@^6.0.0 || ^7.0.0 || ^8.0.0", "eslint@^6.2.0 || ^7.0.0 || ^8.0.0", "eslint@^8.12.0", "eslint@>=5", "eslint@>=6.0.0", "eslint@>=7.28.0":
    "integrity" "sha512-it1oBL9alZg1S8UycLm5YDMAkIhtH6FtAzuZs6YvoGVldWjbS08BkAdb/ymP9LlAyq8koANu32U7Ib/w+UNh8Q=="
    "resolved" "https://registry.npmjs.org/eslint/-/eslint-8.12.0.tgz"
    "version" "8.12.0"
    dependencies:
      "@eslint/eslintrc" "^1.2.1"
      "@humanwhocodes/config-array" "^0.9.2"
      "ajv" "^6.10.0"
      "chalk" "^4.0.0"
      "cross-spawn" "^7.0.2"
      "debug" "^4.3.2"
      "doctrine" "^3.0.0"
      "escape-string-regexp" "^4.0.0"
      "eslint-scope" "^7.1.1"
      "eslint-utils" "^3.0.0"
      "eslint-visitor-keys" "^3.3.0"
      "espree" "^9.3.1"
      "esquery" "^1.4.0"
      "esutils" "^2.0.2"
      "fast-deep-equal" "^3.1.3"
      "file-entry-cache" "^6.0.1"
      "functional-red-black-tree" "^1.0.1"
      "glob-parent" "^6.0.1"
      "globals" "^13.6.0"
      "ignore" "^5.2.0"
      "import-fresh" "^3.0.0"
      "imurmurhash" "^0.1.4"
      "is-glob" "^4.0.0"
      "js-yaml" "^4.1.0"
      "json-stable-stringify-without-jsonify" "^1.0.1"
      "levn" "^0.4.1"
      "lodash.merge" "^4.6.2"
      "minimatch" "^3.0.4"
      "natural-compare" "^1.4.0"
      "optionator" "^0.9.1"
      "regexpp" "^3.2.0"
      "strip-ansi" "^6.0.1"
      "strip-json-comments" "^3.1.0"
      "text-table" "^0.2.0"
      "v8-compile-cache" "^2.0.3"
  
  "espree@^9.0.0", "espree@^9.3.1":
    "integrity" "sha512-bvdyLmJMfwkV3NCRl5ZhJf22zBFo1y8bYh3VYb+bfzqNB4Je68P2sSuXyuFquzWLebHpNd2/d5uv7yoP9ISnGQ=="
    "resolved" "https://registry.npmjs.org/espree/-/espree-9.3.1.tgz"
    "version" "9.3.1"
    dependencies:
      "acorn" "^8.7.0"
      "acorn-jsx" "^5.3.1"
      "eslint-visitor-keys" "^3.3.0"
  
  "esquery@^1.4.0":
    "integrity" "sha512-cCDispWt5vHHtwMY2YrAQ4ibFkAL8RbH5YGBnZBc90MolvvfkkQcJro/aZiAQUlQ3qgrYS6D6v8Gc5G5CQsc9w=="
    "resolved" "https://registry.npmjs.org/esquery/-/esquery-1.4.0.tgz"
    "version" "1.4.0"
    dependencies:
      "estraverse" "^5.1.0"
  
  "esrecurse@^4.3.0":
    "integrity" "sha512-KmfKL3b6G+RXvP8N1vr3Tq1kL/oCFgn2NYXEtqP8/L3pKapUA4G8cFVaoF3SU323CD4XypR/ffioHmkti6/Tag=="
    "resolved" "https://registry.npmjs.org/esrecurse/-/esrecurse-4.3.0.tgz"
    "version" "4.3.0"
    dependencies:
      "estraverse" "^5.2.0"
  
  "estraverse@^4.1.1":
    "integrity" "sha512-39nnKffWz8xN1BU/2c79n9nB9HDzo0niYUqx6xyqUnyoAnQyyWpOTdZEeiCch8BBu515t4wp9ZmgVfVhn9EBpw=="
    "resolved" "https://registry.npmjs.org/estraverse/-/estraverse-4.3.0.tgz"
    "version" "4.3.0"
  
  "estraverse@^5.1.0", "estraverse@^5.2.0":
    "integrity" "sha512-MMdARuVEQziNTeJD8DgMqmhwR11BRQ/cBP+pLtYdSTnf3MIO8fFeiINEbX36ZdNlfU/7A9f3gUw49B3oQsvwBA=="
    "resolved" "https://registry.npmjs.org/estraverse/-/estraverse-5.3.0.tgz"
    "version" "5.3.0"
  
  "estree-walker@^2.0.1", "estree-walker@^2.0.2":
    "integrity" "sha1-UvAQF4wqTBF6d1fP6UKtt9LaTKw="
    "resolved" "https://registry.npmmirror.com/estree-walker/download/estree-walker-2.0.2.tgz"
    "version" "2.0.2"
  
  "esutils@^2.0.2":
    "integrity" "sha512-kVscqXk4OCp68SZ0dkgEKVi6/8ij300KBWTJq32P/dYeWTSwK41WyTxalN1eRmA5Z9UU/LX9D7FWSmV9SAYx6g=="
    "resolved" "https://registry.npmjs.org/esutils/-/esutils-2.0.3.tgz"
    "version" "2.0.3"
  
  "execa@^5.1.1":
    "integrity" "sha1-+ArZy/Qpj3vR1MlVXCHpN0HEEd0="
    "resolved" "https://registry.npmmirror.com/execa/download/execa-5.1.1.tgz?cache=0&sync_timestamp=1637147314387&other_urls=https%3A%2F%2Fregistry.npmmirror.com%2Fexeca%2Fdownload%2Fexeca-5.1.1.tgz"
    "version" "5.1.1"
    dependencies:
      "cross-spawn" "^7.0.3"
      "get-stream" "^6.0.0"
      "human-signals" "^2.1.0"
      "is-stream" "^2.0.0"
      "merge-stream" "^2.0.0"
      "npm-run-path" "^4.0.1"
      "onetime" "^5.1.2"
      "signal-exit" "^3.0.3"
      "strip-final-newline" "^2.0.0"
  
  "fast-deep-equal@^3.1.1", "fast-deep-equal@^3.1.3":
    "integrity" "sha512-f3qQ9oQy9j2AhBe/H9VC91wLmKBCCU/gDOnKNAYG5hswO7BLKj09Hc5HYNz9cGI++xlpDCIgDaitVs03ATR84Q=="
    "resolved" "https://registry.npmjs.org/fast-deep-equal/-/fast-deep-equal-3.1.3.tgz"
    "version" "3.1.3"
  
  "fast-diff@^1.1.2":
    "integrity" "sha512-xJuoT5+L99XlZ8twedaRf6Ax2TgQVxvgZOYoPKqZufmJib0tL2tegPBOZb1pVNgIhlqDlA0eO0c3wBvQcmzx4w=="
    "resolved" "https://registry.npmjs.org/fast-diff/-/fast-diff-1.2.0.tgz"
    "version" "1.2.0"
  
  "fast-glob@^3.2.11", "fast-glob@^3.2.9":
    "integrity" "sha512-xrO3+1bxSo3ZVHAnqzyuewYT6aMFHRAd4Kcs92MAonjwQZLsK9d0SF1IyQ3k5PoirxTW0Oe/RqFgMQ6TcNE5Ew=="
    "resolved" "https://registry.npmmirror.com/fast-glob/download/fast-glob-3.2.11.tgz"
    "version" "3.2.11"
    dependencies:
      "@nodelib/fs.stat" "^2.0.2"
      "@nodelib/fs.walk" "^1.2.3"
      "glob-parent" "^5.1.2"
      "merge2" "^1.3.0"
      "micromatch" "^4.0.4"
  
  "fast-json-stable-stringify@^2.0.0":
    "integrity" "sha512-lhd/wF+Lk98HZoTCtlVraHtfh5XYijIjalXck7saUtuanSDyLMxnHhSXEDJqHxD7msR8D0uCmqlkwjCV8xvwHw=="
    "resolved" "https://registry.npmjs.org/fast-json-stable-stringify/-/fast-json-stable-stringify-2.1.0.tgz"
    "version" "2.1.0"
  
  "fast-levenshtein@^2.0.6":
    "integrity" "sha1-PYpcZog6FqMMqGQ+hR8Zuqd5eRc="
    "resolved" "https://registry.npmjs.org/fast-levenshtein/-/fast-levenshtein-2.0.6.tgz"
    "version" "2.0.6"
  
  "fastq@^1.6.0":
    "integrity" "sha1-YWdg+Ip1Jr38WWt8q4wYk4w2uYw="
    "resolved" "https://registry.nlark.com/fastq/download/fastq-1.13.0.tgz"
    "version" "1.13.0"
    dependencies:
      "reusify" "^1.0.4"
  
  "file-entry-cache@^6.0.1":
    "integrity" "sha512-7Gps/XWymbLk2QLYK4NzpMOrYjMhdIxXuIvy2QBsLE6ljuodKvdkWs/cpyJJ3CVIVpH0Oi1Hvg1ovbMzLdFBBg=="
    "resolved" "https://registry.npmjs.org/file-entry-cache/-/file-entry-cache-6.0.1.tgz"
    "version" "6.0.1"
    dependencies:
      "flat-cache" "^3.0.4"
  
  "fill-range@^7.0.1":
    "integrity" "sha1-GRmmp8df44ssfHflGYU12prN2kA="
    "resolved" "https://registry.nlark.com/fill-range/download/fill-range-7.0.1.tgz"
    "version" "7.0.1"
    dependencies:
      "to-regex-range" "^5.0.1"
  
  "find-up@^5.0.0":
    "integrity" "sha1-TJKBnstwg1YeT0okCoa+UZj1Nvw="
    "resolved" "https://registry.npmmirror.com/find-up/download/find-up-5.0.0.tgz?cache=0&sync_timestamp=1633618766404&other_urls=https%3A%2F%2Fregistry.npmmirror.com%2Ffind-up%2Fdownload%2Ffind-up-5.0.0.tgz"
    "version" "5.0.0"
    dependencies:
      "locate-path" "^6.0.0"
      "path-exists" "^4.0.0"
  
  "flat-cache@^3.0.4":
    "integrity" "sha512-dm9s5Pw7Jc0GvMYbshN6zchCA9RgQlzzEZX3vylR9IqFfS8XciblUXOKfW6SiuJ0e13eDYZoZV5wdrev7P3Nwg=="
    "resolved" "https://registry.npmjs.org/flat-cache/-/flat-cache-3.0.4.tgz"
    "version" "3.0.4"
    dependencies:
      "flatted" "^3.1.0"
      "rimraf" "^3.0.2"
  
  "flatted@^3.1.0":
    "integrity" "sha512-WIWGi2L3DyTUvUrwRKgGi9TwxQMUEqPOPQBVi71R96jZXJdFskXEmf54BoZaS1kknGODoIGASGEzBUYdyMCBJg=="
    "resolved" "https://registry.npmjs.org/flatted/-/flatted-3.2.5.tgz"
    "version" "3.2.5"
  
  "follow-redirects@^1.14.4":
    "integrity" "sha512-+hbxoLbFMbRKDwohX8GkTataGqO6Jb7jGwpAlwgy2bIz25XtRm7KEzJM76R1WiNT5SwZkX4Y75SwBolkpmE7iQ=="
    "resolved" "https://registry.npmmirror.com/follow-redirects/download/follow-redirects-1.14.7.tgz"
    "version" "1.14.7"
  
  "fs.realpath@^1.0.0":
    "integrity" "sha1-FQStJSMVjKpA20onh8sBQRmU6k8="
    "resolved" "https://registry.npmjs.org/fs.realpath/-/fs.realpath-1.0.0.tgz"
    "version" "1.0.0"
  
  "function-bind@^1.1.1":
    "integrity" "sha1-pWiZ0+o8m6uHS7l3O3xe3pL0iV0="
    "resolved" "https://registry.nlark.com/function-bind/download/function-bind-1.1.1.tgz"
    "version" "1.1.1"
  
  "functional-red-black-tree@^1.0.1":
    "integrity" "sha1-GwqzvVU7Kg1jmdKcDj6gslIHgyc="
    "resolved" "https://registry.npmjs.org/functional-red-black-tree/-/functional-red-black-tree-1.0.1.tgz"
    "version" "1.0.1"
  
  "get-stream@^6.0.0":
    "integrity" "sha1-omLY7vZ6ztV8KFKtYWdSakPL97c="
    "resolved" "https://registry.nlark.com/get-stream/download/get-stream-6.0.1.tgz"
    "version" "6.0.1"
  
  "glob-parent@^5.1.2", "glob-parent@~5.1.2":
    "integrity" "sha1-hpgyxYA0/mikCTwX3BXoNA2EAcQ="
    "resolved" "https://registry.npmmirror.com/glob-parent/download/glob-parent-5.1.2.tgz"
    "version" "5.1.2"
    dependencies:
      "is-glob" "^4.0.1"
  
  "glob-parent@^6.0.1":
    "integrity" "sha512-XxwI8EOhVQgWp6iDL+3b0r86f4d6AX6zSU55HfB4ydCEuXLXc5FcYeOu+nnGftS4TEju/11rt4KJPTMgbfmv4A=="
    "resolved" "https://registry.npmjs.org/glob-parent/-/glob-parent-6.0.2.tgz"
    "version" "6.0.2"
    dependencies:
      "is-glob" "^4.0.3"
  
  "glob@^7.1.3":
    "integrity" "sha512-lmLf6gtyrPq8tTjSmrO94wBeQbFR3HbLHbuyD69wuyQkImp2hWqMGB47OX65FBkPffO641IP9jWa1z4ivqG26Q=="
    "resolved" "https://registry.npmjs.org/glob/-/glob-7.2.0.tgz"
    "version" "7.2.0"
    dependencies:
      "fs.realpath" "^1.0.0"
      "inflight" "^1.0.4"
      "inherits" "2"
      "minimatch" "^3.0.4"
      "once" "^1.3.0"
      "path-is-absolute" "^1.0.0"
  
  "globals@^13.6.0", "globals@^13.9.0":
    "integrity" "sha512-EQ7Q18AJlPwp3vUDL4mKA0KXrXyNIQyWon6T6XQiBQF0XHvRsiCSrWmmeATpUzdJN2HhWZU6Pdl0a9zdep5p6A=="
    "resolved" "https://registry.npmjs.org/globals/-/globals-13.13.0.tgz"
    "version" "13.13.0"
    dependencies:
      "type-fest" "^0.20.2"
  
  "globby@^11.0.4":
    "integrity" "sha512-jhIXaOzy1sb8IyocaruWSn1TjmnBVs8Ayhcy83rmxNJ8q2uWKCAj3CnJY+KpGSXCueAPc0i05kVvVKtP1t9S3g=="
    "resolved" "https://registry.npmjs.org/globby/-/globby-11.1.0.tgz"
    "version" "11.1.0"
    dependencies:
      "array-union" "^2.1.0"
      "dir-glob" "^3.0.1"
      "fast-glob" "^3.2.9"
      "ignore" "^5.2.0"
      "merge2" "^1.4.1"
      "slash" "^3.0.0"
  
  "graceful-fs@^4.1.2":
    "integrity" "sha512-NtNxqUcXgpW2iMrfqSfR73Glt39K+BLwWsPs94yR63v45T0Wbej7eRmL5cWfwEgqXnmjQp3zaJTshdRW/qC2ZQ=="
    "resolved" "https://registry.npmmirror.com/graceful-fs/-/graceful-fs-4.2.9.tgz"
    "version" "4.2.9"
  
  "gzip-size@^6.0.0":
    "integrity" "sha1-BlNn/VDCOcBnHLy61b4+LusQ5GI="
    "resolved" "https://registry.npmmirror.com/gzip-size/download/gzip-size-6.0.0.tgz"
    "version" "6.0.0"
    dependencies:
      "duplexer" "^0.1.2"
  
  "has-flag@^4.0.0":
    "integrity" "sha512-EykJT/Q1KjTWctppgIAgfSO0tKVuZUjhgMr17kqTumMl6Afv3EISleU7qZUzoXDFTAHTDC4NOoG/ZxU3EvlMPQ=="
    "resolved" "https://registry.npmjs.org/has-flag/-/has-flag-4.0.0.tgz"
    "version" "4.0.0"
  
  "has@^1.0.3":
    "integrity" "sha1-ci18v8H2qoJB8W3YFOAR4fQeh5Y="
    "resolved" "https://registry.npm.taobao.org/has/download/has-1.0.3.tgz"
    "version" "1.0.3"
    dependencies:
      "function-bind" "^1.1.1"
  
  "human-signals@^2.1.0":
    "integrity" "sha1-3JH8ukLk0G5Kuu0zs+ejwC9RTqA="
    "resolved" "https://registry.nlark.com/human-signals/download/human-signals-2.1.0.tgz?cache=0&sync_timestamp=1624364612113&other_urls=https%3A%2F%2Fregistry.nlark.com%2Fhuman-signals%2Fdownload%2Fhuman-signals-2.1.0.tgz"
    "version" "2.1.0"
  
  "iconv-lite@^0.4.4":
    "integrity" "sha512-v3MXnZAcvnywkTUEZomIActle7RXXeedOR31wwl7VlyoXO4Qi9arvSenNQWne1TcRwhCL1HwLI21bEqdpj8/rA=="
    "resolved" "https://registry.npmmirror.com/iconv-lite/-/iconv-lite-0.4.24.tgz"
    "version" "0.4.24"
    dependencies:
      "safer-buffer" ">= 2.1.2 < 3"
  
  "ignore@^5.1.8", "ignore@^5.2.0":
    "integrity" "sha512-CmxgYGiEPCLhfLnpPp1MoRmifwEIOgjcHXxOBjv7mY96c+eWScsOP9c112ZyLdWHi0FxHjI+4uVhKYp/gcdRmQ=="
    "resolved" "https://registry.npmjs.org/ignore/-/ignore-5.2.0.tgz"
    "version" "5.2.0"
  
  "image-size@~0.5.0":
    "integrity" "sha512-6TDAlDPZxUFCv+fuOkIoXT/V/f3Qbq8e37p+YOiYrUv3v9cc3/6x78VdfPgFVaB9dZYeLUfKgHRebpkm/oP2VQ=="
    "resolved" "https://registry.npmmirror.com/image-size/-/image-size-0.5.5.tgz"
    "version" "0.5.5"
  
  "import-fresh@^3.0.0", "import-fresh@^3.2.1":
    "integrity" "sha512-veYYhQa+D1QBKznvhUHxb8faxlrwUnxseDAbAp457E0wLNio2bOSKnjYDhMj+YiAq61xrMGhQk9iXVk5FzgQMw=="
    "resolved" "https://registry.npmjs.org/import-fresh/-/import-fresh-3.3.0.tgz"
    "version" "3.3.0"
    dependencies:
      "parent-module" "^1.0.0"
      "resolve-from" "^4.0.0"
  
  "imurmurhash@^0.1.4":
    "integrity" "sha1-khi5srkoojixPcT7a21XbyMUU+o="
    "resolved" "https://registry.npmjs.org/imurmurhash/-/imurmurhash-0.1.4.tgz"
    "version" "0.1.4"
  
  "inflight@^1.0.4":
    "integrity" "sha1-Sb1jMdfQLQwJvJEKEHW6gWW1bfk="
    "resolved" "https://registry.npmjs.org/inflight/-/inflight-1.0.6.tgz"
    "version" "1.0.6"
    dependencies:
      "once" "^1.3.0"
      "wrappy" "1"
  
  "inherits@2":
    "integrity" "sha512-k/vGaX4/Yla3WzyMCvTQOXYeIHvqOKtnqBduzTHpzpQZzAskKMhZ2K+EnBiSM9zGSoIFeMpXKxa4dYeZIQqewQ=="
    "resolved" "https://registry.npmjs.org/inherits/-/inherits-2.0.4.tgz"
    "version" "2.0.4"
  
  "is-binary-path@~2.1.0":
    "integrity" "sha1-6h9/O4DwZCNug0cPhsCcJU+0Wwk="
    "resolved" "https://registry.npm.taobao.org/is-binary-path/download/is-binary-path-2.1.0.tgz"
    "version" "2.1.0"
    dependencies:
      "binary-extensions" "^2.0.0"
  
  "is-core-module@^2.8.1":
    "integrity" "sha512-SdNCUs284hr40hFTFP6l0IfZ/RSrMXF3qgoRHd3/79unUTvrFO/JoXwkGm+5J/Oe3E/b5GsnG330uUNgRpu1PA=="
    "resolved" "https://registry.npmmirror.com/is-core-module/download/is-core-module-2.8.1.tgz"
    "version" "2.8.1"
    dependencies:
      "has" "^1.0.3"
  
  "is-extglob@^2.1.1":
    "integrity" "sha1-qIwCU1eR8C7TfHahueqXc8gz+MI="
    "resolved" "https://registry.npm.taobao.org/is-extglob/download/is-extglob-2.1.1.tgz"
    "version" "2.1.1"
  
  "is-glob@^4.0.0", "is-glob@^4.0.1", "is-glob@^4.0.3", "is-glob@~4.0.1":
    "integrity" "sha1-ZPYeQsu7LuwgcanawLKLoeZdUIQ="
    "resolved" "https://registry.npmmirror.com/is-glob/download/is-glob-4.0.3.tgz"
    "version" "4.0.3"
    dependencies:
      "is-extglob" "^2.1.1"
  
  "is-number@^7.0.0":
    "integrity" "sha1-dTU0W4lnNNX4DE0GxQlVUnoU8Ss="
    "resolved" "https://registry.npm.taobao.org/is-number/download/is-number-7.0.0.tgz"
    "version" "7.0.0"
  
  "is-stream@^2.0.0":
    "integrity" "sha1-+sHj1TuXrVqdCunO8jifWBClwHc="
    "resolved" "https://registry.nlark.com/is-stream/download/is-stream-2.0.1.tgz"
    "version" "2.0.1"
  
  "is-what@^3.14.1":
    "integrity" "sha512-sNxgpk9793nzSs7bA6JQJGeIuRBQhAaNGG77kzYQgMkrID+lS6SlK07K5LaptscDlSaIgH+GPFzf+d75FVxozA=="
    "resolved" "https://registry.npmmirror.com/is-what/-/is-what-3.14.1.tgz"
    "version" "3.14.1"
  
  "isexe@^2.0.0":
    "integrity" "sha1-6PvzdNxVb/iUehDcsFctYz8s+hA="
    "resolved" "https://registry.npmmirror.com/isexe/download/isexe-2.0.0.tgz"
    "version" "2.0.0"
  
  "jiti@^1.12.9":
    "integrity" "sha1-LORbJlz8jckevXClIEgHz5FSkbw="
    "resolved" "https://registry.npmmirror.com/jiti/download/jiti-1.12.9.tgz"
    "version" "1.12.9"
  
  "js-yaml@^4.1.0":
    "integrity" "sha512-wpxZs9NoxZaJESJGIZTyDEaYpl0FKSA+FB9aJiyemKhMwkxQg63h4T1KJgUGHpTqPDNRcmmYLugrRjJlBtWvRA=="
    "resolved" "https://registry.npmjs.org/js-yaml/-/js-yaml-4.1.0.tgz"
    "version" "4.1.0"
    dependencies:
      "argparse" "^2.0.1"
  
  "json-schema-traverse@^0.4.1":
    "integrity" "sha512-xbbCH5dCYU5T8LcEhhuh7HJ88HXuW3qsI3Y0zOZFKfZEHcpWiHU/Jxzk629Brsab/mMiHQti9wMP+845RPe3Vg=="
    "resolved" "https://registry.npmjs.org/json-schema-traverse/-/json-schema-traverse-0.4.1.tgz"
    "version" "0.4.1"
  
  "json-stable-stringify-without-jsonify@^1.0.1":
    "integrity" "sha1-nbe1lJatPzz+8wp1FC0tkwrXJlE="
    "resolved" "https://registry.npmjs.org/json-stable-stringify-without-jsonify/-/json-stable-stringify-without-jsonify-1.0.1.tgz"
    "version" "1.0.1"
  
  "klona@^2.0.4":
    "integrity" "sha512-pJiBpiXMbt7dkzXe8Ghj/u4FfXOOa98fPW+bihOJ4SjnoijweJrNThJfd3ifXpXhREjpoF2mZVH1GfS9LV3kHQ=="
    "resolved" "https://registry.npmmirror.com/klona/-/klona-2.0.5.tgz"
    "version" "2.0.5"
  
  "kolorist@^1.5.0":
    "integrity" "sha512-lxpCM3HTvquGxKGzHeknB/sUjuVoUElLlfYnXZT73K8geR9jQbroGlSCFBax9/0mpGoD3kzcMLnOlGQPJJNyqQ=="
    "resolved" "https://registry.npmmirror.com/kolorist/download/kolorist-1.5.1.tgz"
    "version" "1.5.1"
  
  "less-loader@^10.2.0":
    "integrity" "sha512-AV5KHWvCezW27GT90WATaDnfXBv99llDbtaj4bshq6DvAihMdNjaPDcUMa6EXKLRF+P2opFenJp89BXg91XLYg=="
    "resolved" "https://registry.npmmirror.com/less-loader/-/less-loader-10.2.0.tgz"
    "version" "10.2.0"
    dependencies:
      "klona" "^2.0.4"
  
  "less@*", "less@^3.5.0 || ^4.0.0", "less@^4.1.2":
    "integrity" "sha512-EoQp/Et7OSOVu0aJknJOtlXZsnr8XE8KwuzTHOLeVSEx8pVWUICc8Q0VYRHgzyjX78nMEyC/oztWFbgyhtNfDA=="
    "resolved" "https://registry.npmmirror.com/less/-/less-4.1.2.tgz"
    "version" "4.1.2"
    dependencies:
      "copy-anything" "^2.0.1"
      "parse-node-version" "^1.0.1"
      "tslib" "^2.3.0"
    optionalDependencies:
      "errno" "^0.1.1"
      "graceful-fs" "^4.1.2"
      "image-size" "~0.5.0"
      "make-dir" "^2.1.0"
      "mime" "^1.4.1"
      "needle" "^2.5.2"
      "source-map" "~0.6.0"
  
  "levn@^0.4.1":
    "integrity" "sha512-+bT2uH4E5LGE7h/n3evcS/sQlJXCpIp6ym8OWJ5eV6+67Dsql/LaaT7qJBAt2rzfoa/5QBGBhxDix1dMt2kQKQ=="
    "resolved" "https://registry.npmjs.org/levn/-/levn-0.4.1.tgz"
    "version" "0.4.1"
    dependencies:
      "prelude-ls" "^1.2.1"
      "type-check" "~0.4.0"
  
  "local-pkg@^0.4.0", "local-pkg@^0.4.1":
    "integrity" "sha512-lL87ytIGP2FU5PWwNDo0w3WhIo2gopIAxPg9RxDYF7m4rr5ahuZxP22xnJHIvaLTe4Z9P6uKKY2UHiwyB4pcrw=="
    "resolved" "https://registry.npmmirror.com/local-pkg/download/local-pkg-0.4.1.tgz"
    "version" "0.4.1"
  
  "locate-path@^6.0.0":
    "integrity" "sha1-VTIeswn+u8WcSAHZMackUqaB0oY="
    "resolved" "https://registry.nlark.com/locate-path/download/locate-path-6.0.0.tgz"
    "version" "6.0.0"
    dependencies:
      "p-locate" "^5.0.0"
  
  "lodash.merge@^4.6.2":
    "integrity" "sha512-0KpjqXRVvrYyCsX1swR/XTK0va6VQkQM6MNo7PqW77ByjAhoARA8EfrP1N4+KlKj8YS0ZUCtRT/YUuhyYDujIQ=="
    "resolved" "https://registry.npmjs.org/lodash.merge/-/lodash.merge-4.6.2.tgz"
    "version" "4.6.2"
  
  "lodash@^4.17.21":
    "integrity" "sha512-v2kDEe57lecTulaDIuNTPy3Ry4gLGJ6Z1O3vE1krgXZNrsQ+LFTGHVxVjcXPs17LhbZVGedAJv8XZ1tvj5FvSg=="
    "resolved" "https://registry.npmjs.org/lodash/-/lodash-4.17.21.tgz"
    "version" "4.17.21"
  
  "lru-cache@^6.0.0":
    "integrity" "sha512-Jo6dJ04CmSjuznwJSS3pUeWmd/H0ffTlkXXgwZi+eq1UCmqQwCh+eLsYOYCwY991i2Fah4h1BEMCx4qThGbsiA=="
    "resolved" "https://registry.npmjs.org/lru-cache/-/lru-cache-6.0.0.tgz"
    "version" "6.0.0"
    dependencies:
      "yallist" "^4.0.0"
  
  "magic-string@^0.25.7":
    "integrity" "sha1-P0l9b9NMZpxnmNy4IfLvMfVEUFE="
    "resolved" "https://registry.nlark.com/magic-string/download/magic-string-0.25.7.tgz"
    "version" "0.25.7"
    dependencies:
      "sourcemap-codec" "^1.4.4"
  
  "make-dir@^2.1.0":
    "integrity" "sha512-LS9X+dc8KLxXCb8dni79fLIIUA5VyZoyjSMCwTluaXA0o27cCK0bhXkpgw+sTXVpPy/lSO57ilRixqk0vDmtRA=="
    "resolved" "https://registry.npmmirror.com/make-dir/-/make-dir-2.1.0.tgz"
    "version" "2.1.0"
    dependencies:
      "pify" "^4.0.1"
      "semver" "^5.6.0"
  
  "merge-stream@^2.0.0":
    "integrity" "sha1-UoI2KaFN0AyXcPtq1H3GMQ8sH2A="
    "resolved" "https://registry.nlark.com/merge-stream/download/merge-stream-2.0.0.tgz"
    "version" "2.0.0"
  
  "merge2@^1.3.0", "merge2@^1.4.1":
    "integrity" "sha1-Q2iJL4hekHRVpv19xVwMnUBJkK4="
    "resolved" "https://registry.nlark.com/merge2/download/merge2-1.4.1.tgz"
    "version" "1.4.1"
  
  "micromatch@^4.0.4":
    "integrity" "sha1-iW1Rnf6dsl/OlM63pQCRm/iB6/k="
    "resolved" "https://registry.nlark.com/micromatch/download/micromatch-4.0.4.tgz"
    "version" "4.0.4"
    dependencies:
      "braces" "^3.0.1"
      "picomatch" "^2.2.3"
  
  "mime@^1.4.1":
    "integrity" "sha512-x0Vn8spI+wuJ1O6S7gnbaQg8Pxh4NNHb7KSINmEWKiPE4RKOplvijn+NkmYmmRgP68mc70j2EbeTFRsrswaQeg=="
    "resolved" "https://registry.npmmirror.com/mime/-/mime-1.6.0.tgz"
    "version" "1.6.0"
  
  "mimic-fn@^2.1.0":
    "integrity" "sha1-ftLCzMyvhNP/y3pptXcR/CCDQBs="
    "resolved" "https://registry.npm.taobao.org/mimic-fn/download/mimic-fn-2.1.0.tgz"
    "version" "2.1.0"
  
  "minimatch@^3.0.4":
    "integrity" "sha512-J7p63hRiAjw1NDEww1W7i37+ByIrOWO5XQQAzZ3VOcL0PNybwpfmV/N05zFAzwQ9USyEcX6t3UO+K5aqBQOIHw=="
    "resolved" "https://registry.npmjs.org/minimatch/-/minimatch-3.1.2.tgz"
    "version" "3.1.2"
    dependencies:
      "brace-expansion" "^1.1.7"
  
  "mrmime@^1.0.0":
    "integrity" "sha1-FNOH8FhaUjPSkbq6M5sGN1KiOYs="
    "resolved" "https://registry.npmmirror.com/mrmime/download/mrmime-1.0.0.tgz"
    "version" "1.0.0"
  
  "ms@^2.1.1":
    "integrity" "sha512-6FlzubTLZG3J2a/NVCAleEhjzq5oxgHyaCU9yYXvcLsvoVaHJq/s5xXI6/XXP6tz7R9xAOtHnSO/tXtF3WRTlA=="
    "resolved" "https://registry.npmmirror.com/ms/-/ms-2.1.3.tgz"
    "version" "2.1.3"
  
  "ms@2.1.2":
    "integrity" "sha1-0J0fNXtEP0kzgqjrPM0YOHKuYAk="
    "resolved" "https://registry.npmmirror.com/ms/download/ms-2.1.2.tgz"
    "version" "2.1.2"
  
  "nanoid@^3.1.30":
    "integrity" "sha512-fmsZYa9lpn69Ad5eDn7FMcnnSR+8R34W9qJEijxYhTbfOWzr22n1QxCMzXLK+ODyW2973V3Fux959iQoUxzUIA=="
    "resolved" "https://registry.npmmirror.com/nanoid/download/nanoid-3.2.0.tgz"
    "version" "3.2.0"
  
  "natural-compare@^1.4.0":
    "integrity" "sha1-Sr6/7tdUHywnrPspvbvRXI1bpPc="
    "resolved" "https://registry.npmjs.org/natural-compare/-/natural-compare-1.4.0.tgz"
    "version" "1.4.0"
  
  "needle@^2.5.2":
    "integrity" "sha512-6R9fqJ5Zcmf+uYaFgdIHmLwNldn5HbK8L5ybn7Uz+ylX/rnOsSp1AHcvQSrCaFN+qNM1wpymHqD7mVasEOlHGQ=="
    "resolved" "https://registry.npmmirror.com/needle/-/needle-2.9.1.tgz"
    "version" "2.9.1"
    dependencies:
      "debug" "^3.2.6"
      "iconv-lite" "^0.4.4"
      "sax" "^1.2.4"
  
  "normalize-path@^3.0.0", "normalize-path@~3.0.0":
    "integrity" "sha1-Dc1p/yOhybEf0JeDFmRKA4ghamU="
    "resolved" "https://registry.npm.taobao.org/normalize-path/download/normalize-path-3.0.0.tgz"
    "version" "3.0.0"
  
  "npm-run-path@^4.0.1":
    "integrity" "sha1-t+zR5e1T2o43pV4cImnguX7XSOo="
    "resolved" "https://registry.npmmirror.com/npm-run-path/download/npm-run-path-4.0.1.tgz"
    "version" "4.0.1"
    dependencies:
      "path-key" "^3.0.0"
  
  "once@^1.3.0":
    "integrity" "sha1-WDsap3WWHUsROsF9nFC6753Xa9E="
    "resolved" "https://registry.npmjs.org/once/-/once-1.4.0.tgz"
    "version" "1.4.0"
    dependencies:
      "wrappy" "1"
  
  "onetime@^5.1.2":
    "integrity" "sha1-0Oluu1awdHbfHdnEgG5SN5hcpF4="
    "resolved" "https://registry.npm.taobao.org/onetime/download/onetime-5.1.2.tgz?cache=0&sync_timestamp=1617889842663&other_urls=https%3A%2F%2Fregistry.npm.taobao.org%2Fonetime%2Fdownload%2Fonetime-5.1.2.tgz"
    "version" "5.1.2"
    dependencies:
      "mimic-fn" "^2.1.0"
  
  "optionator@^0.9.1":
    "integrity" "sha512-74RlY5FCnhq4jRxVUPKDaRwrVNXMqsGsiW6AJw4XK8hmtm10wC0ypZBLw5IIp85NZMr91+qd1RvvENwg7jjRFw=="
    "resolved" "https://registry.npmjs.org/optionator/-/optionator-0.9.1.tgz"
    "version" "0.9.1"
    dependencies:
      "deep-is" "^0.1.3"
      "fast-levenshtein" "^2.0.6"
      "levn" "^0.4.1"
      "prelude-ls" "^1.2.1"
      "type-check" "^0.4.0"
      "word-wrap" "^1.2.3"
  
  "p-limit@^3.0.2":
    "integrity" "sha1-4drMvnjQ0TiMoYxk/qOOPlfjcGs="
    "resolved" "https://registry.nlark.com/p-limit/download/p-limit-3.1.0.tgz"
    "version" "3.1.0"
    dependencies:
      "yocto-queue" "^0.1.0"
  
  "p-locate@^5.0.0":
    "integrity" "sha1-g8gxXGeFAF470CGDlBHJ4RDm2DQ="
    "resolved" "https://registry.nlark.com/p-locate/download/p-locate-5.0.0.tgz?cache=0&sync_timestamp=1629892708584&other_urls=https%3A%2F%2Fregistry.nlark.com%2Fp-locate%2Fdownload%2Fp-locate-5.0.0.tgz"
    "version" "5.0.0"
    dependencies:
      "p-limit" "^3.0.2"
  
  "parent-module@^1.0.0":
    "integrity" "sha512-GQ2EWRpQV8/o+Aw8YqtfZZPfNRWZYkbidE9k5rpl/hC3vtHHBfGm2Ifi6qWV+coDGkrUKZAxE3Lot5kcsRlh+g=="
    "resolved" "https://registry.npmjs.org/parent-module/-/parent-module-1.0.1.tgz"
    "version" "1.0.1"
    dependencies:
      "callsites" "^3.0.0"
  
  "parse-node-version@^1.0.1":
    "integrity" "sha512-3YHlOa/JgH6Mnpr05jP9eDG254US9ek25LyIxZlDItp2iJtwyaXQb57lBYLdT3MowkUFYEV2XXNAYIPlESvJlA=="
    "resolved" "https://registry.npmmirror.com/parse-node-version/-/parse-node-version-1.0.1.tgz"
    "version" "1.0.1"
  
  "path-exists@^4.0.0":
    "integrity" "sha1-UTvb4tO5XXdi6METfvoZXGxhtbM="
    "resolved" "https://registry.nlark.com/path-exists/download/path-exists-4.0.0.tgz?cache=0&sync_timestamp=1628765299359&other_urls=https%3A%2F%2Fregistry.nlark.com%2Fpath-exists%2Fdownload%2Fpath-exists-4.0.0.tgz"
    "version" "4.0.0"
  
  "path-is-absolute@^1.0.0":
    "integrity" "sha1-F0uSaHNVNP+8es5r9TpanhtcX18="
    "resolved" "https://registry.npmjs.org/path-is-absolute/-/path-is-absolute-1.0.1.tgz"
    "version" "1.0.1"
  
  "path-key@^3.0.0", "path-key@^3.1.0":
    "integrity" "sha1-WB9q3mWMu6ZaDTOA3ndTKVBU83U="
    "resolved" "https://registry.nlark.com/path-key/download/path-key-3.1.1.tgz"
    "version" "3.1.1"
  
  "path-parse@^1.0.7":
    "integrity" "sha1-+8EUtgykKzDZ2vWFjkvWi77bZzU="
    "resolved" "https://registry.npmmirror.com/path-parse/download/path-parse-1.0.7.tgz"
    "version" "1.0.7"
  
  "path-type@^4.0.0":
    "integrity" "sha512-gDKb8aZMDeD/tZWs9P6+q0J9Mwkdl6xMV8TjnGP3qJVJ06bdMgkbBlLU8IdfOsIsFz2BW1rNVT3XuNEl8zPAvw=="
    "resolved" "https://registry.npmjs.org/path-type/-/path-type-4.0.0.tgz"
    "version" "4.0.0"
  
  "pathe@^0.2.0":
    "integrity" "sha1-MP17vgoNkfDmC65iH10Z6eIlwzk="
    "resolved" "https://registry.npmmirror.com/pathe/download/pathe-0.2.0.tgz"
    "version" "0.2.0"
  
  "picocolors@^1.0.0":
    "integrity" "sha1-y1vcdP8/UYkiNur3nWi8RFZKuBw="
    "resolved" "https://registry.npmmirror.com/picocolors/download/picocolors-1.0.0.tgz"
    "version" "1.0.0"
  
  "picomatch@^2.0.4", "picomatch@^2.2.1", "picomatch@^2.2.2", "picomatch@^2.2.3":
    "integrity" "sha512-JU3teHTNjmE2VCGFzuY8EXzCDVwEqB2a8fsIvwaStHhAWJEeVd1o1QD80CU6+ZdEXXSLbSsuLwJjkCBWqRQUVA=="
    "resolved" "https://registry.npmmirror.com/picomatch/download/picomatch-2.3.1.tgz"
    "version" "2.3.1"
  
  "pify@^4.0.1":
    "integrity" "sha512-uB80kBFb/tfd68bVleG9T5GGsGPjJrLAUpR5PZIrhBnIaRTQRjqdJSsIKkOP6OAIFbj7GOrcudc5pNjZ+geV2g=="
    "resolved" "https://registry.npmmirror.com/pify/-/pify-4.0.1.tgz"
    "version" "4.0.1"
  
  "postcss@^8.1.10", "postcss@^8.4.5":
    "integrity" "sha512-jBDboWM8qpaqwkMwItqTQTiFikhs/67OYVvblFFTM7MrZjt6yMKd6r2kgXizEbTTljacm4NldIlZnhbjr84QYg=="
    "resolved" "https://registry.npmmirror.com/postcss/download/postcss-8.4.5.tgz"
    "version" "8.4.5"
    dependencies:
      "nanoid" "^3.1.30"
      "picocolors" "^1.0.0"
      "source-map-js" "^1.0.1"
  
  "prelude-ls@^1.2.1":
    "integrity" "sha512-vkcDPrRZo1QZLbn5RLGPpg/WmIQ65qoWWhcGKf/b5eplkkarX0m9z8ppCat4mlOqUsWpyNuYgO3VRyrYHSzX5g=="
    "resolved" "https://registry.npmjs.org/prelude-ls/-/prelude-ls-1.2.1.tgz"
    "version" "1.2.1"
  
  "prettier-linter-helpers@^1.0.0":
    "integrity" "sha512-GbK2cP9nraSSUF9N2XwUwqfzlAFlMNYYl+ShE/V+H8a9uNl/oUqB1w2EL54Jh0OlyRSd8RfWYJ3coVS4TROP2w=="
    "resolved" "https://registry.npmjs.org/prettier-linter-helpers/-/prettier-linter-helpers-1.0.0.tgz"
    "version" "1.0.0"
    dependencies:
      "fast-diff" "^1.1.2"
  
  "prettier@^2.6.2", "prettier@>=2.0.0":
    "integrity" "sha512-PkUpF+qoXTqhOeWL9fu7As8LXsIUZ1WYaJiY/a7McAQzxjk82OF0tibkFXVCDImZtWxbvojFjerkiLb0/q8mew=="
    "resolved" "https://registry.npmjs.org/prettier/-/prettier-2.6.2.tgz"
    "version" "2.6.2"
  
  "prr@~1.0.1":
    "integrity" "sha512-yPw4Sng1gWghHQWj0B3ZggWUm4qVbPwPFcRG8KyxiU7J2OHFSoEHKS+EZ3fv5l1t9CyCiop6l/ZYeWbrgoQejw=="
    "resolved" "https://registry.npmmirror.com/prr/-/prr-1.0.1.tgz"
    "version" "1.0.1"
  
  "punycode@^2.1.0":
    "integrity" "sha512-XRsRjdf+j5ml+y/6GKHPZbrF/8p2Yga0JPtdqTIY2Xe5ohJPD9saDJJLPvp9+NSBprVvevdXZybnj2cv8OEd0A=="
    "resolved" "https://registry.npmjs.org/punycode/-/punycode-2.1.1.tgz"
    "version" "2.1.1"
  
  "queue-microtask@^1.2.2":
    "integrity" "sha1-SSkii7xyTfrEPg77BYyve2z7YkM="
    "resolved" "https://registry.npm.taobao.org/queue-microtask/download/queue-microtask-1.2.3.tgz"
    "version" "1.2.3"
  
  "readdirp@~3.6.0":
    "integrity" "sha1-dKNwvYVxFuJFspzJc0DNQxoCpsc="
    "resolved" "https://registry.nlark.com/readdirp/download/readdirp-3.6.0.tgz"
    "version" "3.6.0"
    dependencies:
      "picomatch" "^2.2.1"
  
  "regexpp@^3.2.0":
    "integrity" "sha512-pq2bWo9mVD43nbts2wGv17XLiNLya+GklZ8kaDLV2Z08gDCsGpnKn9BFMepvWuHCbyVvY7J5o5+BVvoQbmlJLg=="
    "resolved" "https://registry.npmjs.org/regexpp/-/regexpp-3.2.0.tgz"
    "version" "3.2.0"
  
  "resolve-from@^4.0.0":
    "integrity" "sha512-pb/MYmXstAkysRFx8piNI1tGFNQIFA3vkE3Gq4EuA1dF6gHp/+vgZqsCGJapvy8N3Q+4o7FwvquPJcnZ7RYy4g=="
    "resolved" "https://registry.npmjs.org/resolve-from/-/resolve-from-4.0.0.tgz"
    "version" "4.0.0"
  
  "resolve@^1.20.0":
    "integrity" "sha512-Hhtrw0nLeSrFQ7phPp4OOcVjLPIeMnRlr5mcnVuMe7M/7eBn98A3hmFRLoFo3DLZkivSYwhRUJTyPyWAk56WLw=="
    "resolved" "https://registry.npmmirror.com/resolve/download/resolve-1.22.0.tgz"
    "version" "1.22.0"
    dependencies:
      "is-core-module" "^2.8.1"
      "path-parse" "^1.0.7"
      "supports-preserve-symlinks-flag" "^1.0.0"
  
  "reusify@^1.0.4":
    "integrity" "sha1-kNo4Kx4SbvwCFG6QhFqI2xKSXXY="
    "resolved" "https://registry.npm.taobao.org/reusify/download/reusify-1.0.4.tgz"
    "version" "1.0.4"
  
  "rimraf@^3.0.2":
    "integrity" "sha512-JZkJMZkAGFFPP2YqXZXPbMlMBgsxzE8ILs4lMIX/2o0L9UBw9O/Y3o6wFw/i9YLapcUJWwqbi3kdxIPdC62TIA=="
    "resolved" "https://registry.npmjs.org/rimraf/-/rimraf-3.0.2.tgz"
    "version" "3.0.2"
    dependencies:
      "glob" "^7.1.3"
  
  "rollup@^2.59.0":
    "integrity" "sha512-L6mKOkdyP8HK5kKJXaiWG7KZDumPJjuo1P+cfyHOJPNNTK3Moe7zCH5+fy7v8pVmHXtlxorzaBjvkBMB23s98g=="
    "resolved" "https://registry.npmmirror.com/rollup/download/rollup-2.66.0.tgz"
    "version" "2.66.0"
    optionalDependencies:
      "fsevents" "~2.3.2"
  
  "run-parallel@^1.1.9":
    "integrity" "sha1-ZtE2jae9+SHrnZW9GpIp5/IaQ+4="
    "resolved" "https://registry.nlark.com/run-parallel/download/run-parallel-1.2.0.tgz"
    "version" "1.2.0"
    dependencies:
      "queue-microtask" "^1.2.2"
  
  "safer-buffer@>= 2.1.2 < 3":
    "integrity" "sha512-YZo3K82SD7Riyi0E1EQPojLz7kpepnSQI9IyPbHHg1XXXevb5dJI7tpyN2ADxGcQbHG7vcyRHk0cbwqcQriUtg=="
    "resolved" "https://registry.npmmirror.com/safer-buffer/-/safer-buffer-2.1.2.tgz"
    "version" "2.1.2"
  
  "sax@^1.2.4":
    "integrity" "sha512-NqVDv9TpANUjFm0N8uM5GxL36UgKi9/atZw+x7YFnQ8ckwFGKrl4xX4yWtrey3UJm5nP1kUbnYgLopqWNSRhWw=="
    "resolved" "https://registry.npmmirror.com/sax/-/sax-1.2.4.tgz"
    "version" "1.2.4"
  
  "semver@^5.6.0":
    "integrity" "sha512-sauaDf/PZdVgrLTNYHRtpXa1iRiKcaebiKQ1BJdpQlWH2lCvexQdX55snPFyK7QzpudqbCI0qXFfOasHdyNDGQ=="
    "resolved" "https://registry.npmmirror.com/semver/-/semver-5.7.1.tgz"
    "version" "5.7.1"
  
  "semver@^7.3.5":
    "integrity" "sha512-PoeGJYh8HK4BTO/a9Tf6ZG3veo/A7ZVsYrSA6J8ny9nb3B1VrpkuN+z9OE5wfE5p6H4LchYZsegiQgbJD94ZFQ=="
    "resolved" "https://registry.npmjs.org/semver/-/semver-7.3.5.tgz"
    "version" "7.3.5"
    dependencies:
      "lru-cache" "^6.0.0"
  
  "shebang-command@^2.0.0":
    "integrity" "sha1-zNCvT4g1+9wmW4JGGq8MNmY/NOo="
    "resolved" "https://registry.nlark.com/shebang-command/download/shebang-command-2.0.0.tgz"
    "version" "2.0.0"
    dependencies:
      "shebang-regex" "^3.0.0"
  
  "shebang-regex@^3.0.0":
    "integrity" "sha1-rhbxZE2HPsrYQ7AwexQzYtTEIXI="
    "resolved" "https://registry.nlark.com/shebang-regex/download/shebang-regex-3.0.0.tgz"
    "version" "3.0.0"
  
  "signal-exit@^3.0.3":
    "integrity" "sha512-sDl4qMFpijcGw22U5w63KmD3cZJfBuFlVNbVMKje2keoKML7X2UzWbc4XrmEbDwg0NXJc3yv4/ox7b+JWb57kQ=="
    "resolved" "https://registry.npmmirror.com/signal-exit/download/signal-exit-3.0.6.tgz?cache=0&sync_timestamp=1637255932963&other_urls=https%3A%2F%2Fregistry.npmmirror.com%2Fsignal-exit%2Fdownload%2Fsignal-exit-3.0.6.tgz"
    "version" "3.0.6"
  
  "sirv@^2.0.0":
    "integrity" "sha512-4Qog6aE29nIjAOKe/wowFTxOdmbEZKb+3tsLljaBRzJwtqto0BChD2zzH0LhgCSXiI+V7X+Y45v14wBZQ1TK3w=="
    "resolved" "https://registry.npmmirror.com/sirv/download/sirv-2.0.2.tgz"
    "version" "2.0.2"
    dependencies:
      "@polka/url" "^1.0.0-next.20"
      "mrmime" "^1.0.0"
      "totalist" "^3.0.0"
  
  "slash@^3.0.0":
    "integrity" "sha512-g9Q1haeby36OSStwb4ntCGGGaKsaVSjQ68fBxoQcutl5fS1vuY18H3wSt3jFyFtrkx+Kz0V1G85A4MyAdDMi2Q=="
    "resolved" "https://registry.npmjs.org/slash/-/slash-3.0.0.tgz"
    "version" "3.0.0"
  
  "source-map-js@^1.0.1":
    "integrity" "sha512-R0XvVJ9WusLiqTCEiGCmICCMplcCkIwwR11mOSD9CR5u+IXYdiseeEuXCVAjS54zqwkLcPNnmU4OeJ6tUrWhDw=="
    "resolved" "https://registry.npmmirror.com/source-map-js/download/source-map-js-1.0.2.tgz"
    "version" "1.0.2"
  
  "source-map@^0.6.1", "source-map@~0.6.0":
    "integrity" "sha1-dHIq8y6WFOnCh6jQu95IteLxomM="
    "resolved" "https://registry.npm.taobao.org/source-map/download/source-map-0.6.1.tgz"
    "version" "0.6.1"
  
  "sourcemap-codec@^1.4.4":
    "integrity" "sha1-6oBL2UhXQC5pktBaOO8a41qatMQ="
    "resolved" "https://registry.nlark.com/sourcemap-codec/download/sourcemap-codec-1.4.8.tgz"
    "version" "1.4.8"
  
  "strip-ansi@^6.0.1":
    "integrity" "sha512-Y38VPSHcqkFrCpFnQ9vuSXmquuv5oXOKpGeT6aGrr3o3Gc9AlVa6JBfUSOCnbxGGZF+/0ooI7KrPuUSztUdU5A=="
    "resolved" "https://registry.npmjs.org/strip-ansi/-/strip-ansi-6.0.1.tgz"
    "version" "6.0.1"
    dependencies:
      "ansi-regex" "^5.0.1"
  
  "strip-final-newline@^2.0.0":
    "integrity" "sha1-ibhS+y/L6Tb29LMYevsKEsGrWK0="
    "resolved" "https://registry.nlark.com/strip-final-newline/download/strip-final-newline-2.0.0.tgz"
    "version" "2.0.0"
  
  "strip-json-comments@^3.1.0", "strip-json-comments@^3.1.1":
    "integrity" "sha512-6fPc+R4ihwqP6N/aIv2f1gMH8lOVtWQHoqC4yK6oSDVVocumAsfCqjkXnqiYMhmMwS/mEHLp7Vehlt3ql6lEig=="
    "resolved" "https://registry.npmjs.org/strip-json-comments/-/strip-json-comments-3.1.1.tgz"
    "version" "3.1.1"
  
  "supports-color@^7.1.0":
    "integrity" "sha512-qpCAvRl9stuOHveKsn7HncJRvv501qIacKzQlO/+Lwxc9+0q2wLyv4Dfvt80/DPn2pqOBsJdDiogXGR9+OvwRw=="
    "resolved" "https://registry.npmjs.org/supports-color/-/supports-color-7.2.0.tgz"
    "version" "7.2.0"
    dependencies:
      "has-flag" "^4.0.0"
  
  "supports-preserve-symlinks-flag@^1.0.0":
    "integrity" "sha512-ot0WnXS9fgdkgIcePe6RHNk1WA8+muPa6cSjeR3V8K27q9BB1rTE3R1p7Hv0z1ZyAc8s6Vvv8DIyWf681MAt0w=="
    "resolved" "https://registry.npmmirror.com/supports-preserve-symlinks-flag/download/supports-preserve-symlinks-flag-1.0.0.tgz"
    "version" "1.0.0"
  
  "text-table@^0.2.0":
    "integrity" "sha1-f17oI66AUgfACvLfSoTsP8+lcLQ="
    "resolved" "https://registry.npmjs.org/text-table/-/text-table-0.2.0.tgz"
    "version" "0.2.0"
  
  "to-regex-range@^5.0.1":
    "integrity" "sha1-FkjESq58jZiKMmAY7XL1tN0DkuQ="
    "resolved" "https://registry.npm.taobao.org/to-regex-range/download/to-regex-range-5.0.1.tgz"
    "version" "5.0.1"
    dependencies:
      "is-number" "^7.0.0"
  
  "totalist@^3.0.0":
    "integrity" "sha512-eM+pCBxXO/njtF7vdFsHuqb+ElbxqtI4r5EAvk6grfAFyJ6IvWlSkfZ5T9ozC6xWw3Fj1fGoSmrl0gUs46JVIw=="
    "resolved" "https://registry.npmmirror.com/totalist/download/totalist-3.0.0.tgz"
    "version" "3.0.0"
  
  "tslib@^1.8.1":
    "integrity" "sha512-Xni35NKzjgMrwevysHTCArtLDpPvye8zV/0E4EyYn43P7/7qvQwPh9BGkHewbMulVntbigmcT7rdX3BNo9wRJg=="
    "resolved" "https://registry.npmjs.org/tslib/-/tslib-1.14.1.tgz"
    "version" "1.14.1"
  
  "tslib@^2.3.0":
    "integrity" "sha512-77EbyPPpMz+FRFRuAFlWMtmgUWGe9UOG2Z25NqCwiIjRhOf5iKGuzSe5P2w1laq+FkRy4p+PCuVkJSGkzTEKVw=="
    "resolved" "https://registry.npmmirror.com/tslib/-/tslib-2.3.1.tgz"
    "version" "2.3.1"
  
  "tsutils@^3.21.0":
    "integrity" "sha512-mHKK3iUXL+3UF6xL5k0PEhKRUBKPBCv/+RkEOpjRWxxx27KKRBmmA60A9pgOUvMi8GKhRMPEmjBRPzs2W7O1OA=="
    "resolved" "https://registry.npmjs.org/tsutils/-/tsutils-3.21.0.tgz"
    "version" "3.21.0"
    dependencies:
      "tslib" "^1.8.1"
  
  "type-check@^0.4.0", "type-check@~0.4.0":
    "integrity" "sha512-XleUoc9uwGXqjWwXaUTZAmzMcFZ5858QA2vvx1Ur5xIcixXIP+8LnFDgRplU30us6teqdlskFfu+ae4K79Ooew=="
    "resolved" "https://registry.npmjs.org/type-check/-/type-check-0.4.0.tgz"
    "version" "0.4.0"
    dependencies:
      "prelude-ls" "^1.2.1"
  
  "type-fest@^0.20.2":
    "integrity" "sha512-Ne+eE4r0/iWnpAxD852z3A+N0Bt5RN//NjJwRd2VFHEmrywxf5vsZlh4R6lixl6B+wz/8d+maTSAkN1FIkI3LQ=="
    "resolved" "https://registry.npmjs.org/type-fest/-/type-fest-0.20.2.tgz"
    "version" "0.20.2"
  
  "typescript@>=2.8.0 || >= 3.2.0-dev || >= 3.3.0-dev || >= 3.4.0-dev || >= 3.5.0-dev || >= 3.6.0-dev || >= 3.6.0-beta || >= 3.7.0-dev || >= 3.7.0-beta":
    "integrity" "sha512-yNIatDa5iaofVozS/uQJEl3JRWLKKGJKh6Yaiv0GLGSuhpFJe7P3SbHZ8/yjAHRQwKRoA6YZqlfjXWmVzoVSMw=="
    "resolved" "https://registry.npmjs.org/typescript/-/typescript-4.6.3.tgz"
    "version" "4.6.3"
  
  "unconfig@^0.2.2":
    "integrity" "sha512-JN1MeYJ/POnjBj7NgOJJxPp6+NcD6Nd0hEuK0D89kjm9GvQQUq8HeE2Eb7PZgtu+64mWkDiqeJn1IZoLH7htPg=="
    "resolved" "https://registry.npmmirror.com/unconfig/download/unconfig-0.2.2.tgz"
    "version" "0.2.2"
    dependencies:
      "@antfu/utils" "^0.3.0"
      "defu" "^5.0.0"
      "jiti" "^1.12.9"
  
  "unocss@^0.22.5":
    "integrity" "sha512-u5wm8WT/zvFEJPzIO+qEEa0XWdVNVcrBDehQHFGxhn3sEQD1ujSxqYiaCKogStUBKJ72J3XQbWJ46w+EtXfVyQ=="
    "resolved" "https://registry.npmmirror.com/unocss/download/unocss-0.22.5.tgz"
    "version" "0.22.5"
    dependencies:
      "@unocss/cli" "0.22.5"
      "@unocss/core" "0.22.5"
      "@unocss/preset-attributify" "0.22.5"
      "@unocss/preset-icons" "0.22.5"
      "@unocss/preset-uno" "0.22.5"
      "@unocss/preset-web-fonts" "0.22.5"
      "@unocss/reset" "0.22.5"
      "@unocss/vite" "0.22.5"
  
  "uri-js@^4.2.2":
    "integrity" "sha512-7rKUyy33Q1yc98pQ1DAmLtwX109F7TIfWlW1Ydo8Wl1ii1SeHieeh0HHfPeL2fMXK6z0s8ecKs9frCuLJvndBg=="
    "resolved" "https://registry.npmjs.org/uri-js/-/uri-js-4.4.1.tgz"
    "version" "4.4.1"
    dependencies:
      "punycode" "^2.1.0"
  
  "v8-compile-cache@^2.0.3":
    "integrity" "sha512-l8lCEmLcLYZh4nbunNZvQCJc5pv7+RCwa8q/LdUx8u7lsWvPDKmpodJAJNwkAhJC//dFY48KuIEmjtd4RViDrA=="
    "resolved" "https://registry.npmjs.org/v8-compile-cache/-/v8-compile-cache-2.3.0.tgz"
    "version" "2.3.0"
  
  "vite@^2.5.10", "vite@^2.7.2":
    "integrity" "sha512-Mq8et7f3aK0SgSxjDNfOAimZGW9XryfHRa/uV0jseQSilg+KhYDSoNb9h1rknOy6SuMkvNDLKCYAYYUMCE+IgQ=="
    "resolved" "https://registry.npmmirror.com/vite/download/vite-2.7.13.tgz"
    "version" "2.7.13"
    dependencies:
      "esbuild" "^0.13.12"
      "postcss" "^8.4.5"
      "resolve" "^1.20.0"
      "rollup" "^2.59.0"
    optionalDependencies:
      "fsevents" "~2.3.2"
  
  "vue-eslint-parser@^8.0.1":
    "integrity" "sha512-dzHGG3+sYwSf6zFBa0Gi9ZDshD7+ad14DGOdTLjruRVgZXe2J+DcZ9iUhyR48z5g1PqRa20yt3Njna/veLJL/g=="
    "resolved" "https://registry.npmjs.org/vue-eslint-parser/-/vue-eslint-parser-8.3.0.tgz"
    "version" "8.3.0"
    dependencies:
      "debug" "^4.3.2"
      "eslint-scope" "^7.0.0"
      "eslint-visitor-keys" "^3.1.0"
      "espree" "^9.0.0"
      "esquery" "^1.4.0"
      "lodash" "^4.17.21"
      "semver" "^7.3.5"
  
  "vue-router@^4.0.13":
    "integrity" "sha512-LmXrC+BkDRLak+d5xTMgUYraT3Nj0H/vCbP+7usGvIl9Viqd1UP6AsP0i69pSbn9O0dXK/xCdp4yPw21HqV9Jw=="
    "resolved" "https://registry.npmmirror.com/vue-router/-/vue-router-4.0.13.tgz"
    "version" "4.0.13"
    dependencies:
      "@vue/devtools-api" "^6.0.0"
  
  "vue@^3.2.0", "vue@^3.2.25", "vue@3.2.28":
    "integrity" "sha512-U+jBwVh3RQ9AgceLFdT7i2FFujoC+kYuGrKo5y8aLluWKZWPS40WgA2pyYHaiSX9ydCbEGr3rc/JzdqskzD95g=="
    "resolved" "https://registry.npmmirror.com/vue/download/vue-3.2.28.tgz"
    "version" "3.2.28"
    dependencies:
      "@vue/compiler-dom" "3.2.28"
      "@vue/compiler-sfc" "3.2.28"
      "@vue/runtime-dom" "3.2.28"
      "@vue/server-renderer" "3.2.28"
      "@vue/shared" "3.2.28"
  
  "which@^2.0.1":
    "integrity" "sha1-fGqN0KY2oDJ+ELWckobu6T8/UbE="
    "resolved" "https://registry.npmmirror.com/which/download/which-2.0.2.tgz"
    "version" "2.0.2"
    dependencies:
      "isexe" "^2.0.0"
  
  "word-wrap@^1.2.3":
    "integrity" "sha512-Hz/mrNwitNRh/HUAtM/VT/5VH+ygD6DV7mYKZAtHOrbs8U7lvPS6xf7EJKMF0uW1KJCl0H701g3ZGus+muE5vQ=="
    "resolved" "https://registry.npmjs.org/word-wrap/-/word-wrap-1.2.3.tgz"
    "version" "1.2.3"
  
  "wrappy@1":
    "integrity" "sha1-tSQ9jz7BqjXxNkYFvA0QNuMKtp8="
    "resolved" "https://registry.npmjs.org/wrappy/-/wrappy-1.0.2.tgz"
    "version" "1.0.2"
  
  "yallist@^4.0.0":
    "integrity" "sha512-3wdGidZyq5PB084XLES5TpOSRA3wjXAlIWMhum2kRcv/41Sn2emQ0dycQW4uZXLejwKvg6EsvbdlVL+FYEct7A=="
    "resolved" "https://registry.npmjs.org/yallist/-/yallist-4.0.0.tgz"
    "version" "4.0.0"
  
  "yocto-queue@^0.1.0":
    "integrity" "sha1-ApTrPe4FAo0x7hpfosVWpqrxChs="
    "resolved" "https://registry.npmmirror.com/yocto-queue/download/yocto-queue-0.1.0.tgz"
    "version" "0.1.0"
